
=INFO REPORT==== 13-Mar-2012::12:13:46 ===
Starting Boss in development mode....

=INFO REPORT==== 13-Mar-2012::12:13:46 ===
Starting master services on newworld@gabriele

=INFO REPORT==== 13-Mar-2012::12:13:46 ===
Loading routes from "/home/gabriele/erlang/newworld/priv/newworld.routes" ....

=INFO REPORT==== 13-Mar-2012::12:13:49 ===
GET /greeting/profile [newworld] 200 17ms

=INFO REPORT==== 13-Mar-2012::12:13:49 ===
GET /greeting/header [newworld] 200 17ms

=INFO REPORT==== 13-Mar-2012::12:13:49 ===
GET /greeting/newslist [newworld] 200 17ms

=INFO REPORT==== 13-Mar-2012::12:13:49 ===
GET /greeting/newslist [newworld] 200 6ms

=INFO REPORT==== 13-Mar-2012::12:16:52 ===
GET /greeting/profile [newworld] 200 291ms

=INFO REPORT==== 13-Mar-2012::12:16:52 ===
GET /greeting/profile [newworld] 200 242ms

=INFO REPORT==== 13-Mar-2012::12:16:52 ===
GET /greeting/profile [newworld] 200 252ms

=INFO REPORT==== 13-Mar-2012::12:16:52 ===
GET /greeting/profile [newworld] 200 253ms

=INFO REPORT==== 13-Mar-2012::12:16:52 ===
GET /greeting/profile [newworld] 200 258ms

=INFO REPORT==== 13-Mar-2012::12:16:52 ===
GET /greeting/profile [newworld] 200 271ms

=INFO REPORT==== 13-Mar-2012::12:16:52 ===
GET /greeting/profile [newworld] 200 280ms

=INFO REPORT==== 13-Mar-2012::12:16:52 ===
GET /greeting/profile [newworld] 200 289ms

=INFO REPORT==== 13-Mar-2012::12:16:52 ===
GET /greeting/profile [newworld] 200 300ms

=INFO REPORT==== 13-Mar-2012::12:16:52 ===
GET /greeting/profile [newworld] 200 312ms

=INFO REPORT==== 13-Mar-2012::12:16:52 ===
GET /greeting/profile [newworld] 200 321ms

=INFO REPORT==== 13-Mar-2012::12:16:52 ===
GET /greeting/profile [newworld] 200 331ms

=INFO REPORT==== 13-Mar-2012::12:16:52 ===
GET /greeting/profile [newworld] 200 338ms

=INFO REPORT==== 13-Mar-2012::12:16:52 ===
GET /greeting/profile [newworld] 200 337ms

=INFO REPORT==== 13-Mar-2012::12:16:52 ===
GET /greeting/profile [newworld] 200 337ms

=INFO REPORT==== 13-Mar-2012::12:16:52 ===
GET /greeting/profile [newworld] 200 337ms

=INFO REPORT==== 13-Mar-2012::12:16:52 ===
GET /greeting/profile [newworld] 200 336ms

=INFO REPORT==== 13-Mar-2012::12:16:52 ===
GET /greeting/profile [newworld] 200 335ms

=INFO REPORT==== 13-Mar-2012::12:16:52 ===
GET /greeting/profile [newworld] 200 334ms

=INFO REPORT==== 13-Mar-2012::12:16:52 ===
GET /greeting/profile [newworld] 200 333ms

=INFO REPORT==== 13-Mar-2012::12:16:52 ===
GET /greeting/profile [newworld] 200 332ms

=INFO REPORT==== 13-Mar-2012::12:16:52 ===
GET /greeting/profile [newworld] 200 332ms

=INFO REPORT==== 13-Mar-2012::12:16:52 ===
GET /greeting/profile [newworld] 200 319ms

=INFO REPORT==== 13-Mar-2012::12:16:52 ===
GET /greeting/profile [newworld] 200 315ms

=INFO REPORT==== 13-Mar-2012::12:16:52 ===
GET /greeting/profile [newworld] 200 319ms

=INFO REPORT==== 13-Mar-2012::12:16:52 ===
GET /greeting/profile [newworld] 200 326ms

=INFO REPORT==== 13-Mar-2012::12:16:52 ===
GET /greeting/profile [newworld] 200 334ms

=INFO REPORT==== 13-Mar-2012::12:16:52 ===
GET /greeting/profile [newworld] 200 338ms

=INFO REPORT==== 13-Mar-2012::12:16:52 ===
GET /greeting/profile [newworld] 200 341ms

=INFO REPORT==== 13-Mar-2012::12:16:52 ===
GET /greeting/profile [newworld] 200 341ms

=INFO REPORT==== 13-Mar-2012::12:16:52 ===
GET /greeting/profile [newworld] 200 342ms

=INFO REPORT==== 13-Mar-2012::12:16:52 ===
GET /greeting/profile [newworld] 200 338ms

=INFO REPORT==== 13-Mar-2012::12:16:52 ===
GET /greeting/profile [newworld] 200 335ms

=INFO REPORT==== 13-Mar-2012::12:16:52 ===
GET /greeting/profile [newworld] 200 336ms

=INFO REPORT==== 13-Mar-2012::12:16:52 ===
GET /greeting/profile [newworld] 200 337ms

=INFO REPORT==== 13-Mar-2012::12:16:52 ===
GET /greeting/profile [newworld] 200 325ms

=INFO REPORT==== 13-Mar-2012::12:16:52 ===
GET /greeting/profile [newworld] 200 316ms

=INFO REPORT==== 13-Mar-2012::12:16:52 ===
GET /greeting/profile [newworld] 200 317ms

=INFO REPORT==== 13-Mar-2012::12:16:52 ===
GET /greeting/profile [newworld] 200 315ms

=INFO REPORT==== 13-Mar-2012::12:16:52 ===
GET /greeting/profile [newworld] 200 316ms

=INFO REPORT==== 13-Mar-2012::12:16:52 ===
GET /greeting/profile [newworld] 200 316ms

=INFO REPORT==== 13-Mar-2012::12:16:52 ===
GET /greeting/profile [newworld] 200 323ms

=INFO REPORT==== 13-Mar-2012::12:16:52 ===
GET /greeting/profile [newworld] 200 327ms

=INFO REPORT==== 13-Mar-2012::12:16:52 ===
GET /greeting/profile [newworld] 200 326ms

=INFO REPORT==== 13-Mar-2012::12:16:52 ===
GET /greeting/profile [newworld] 200 324ms

=INFO REPORT==== 13-Mar-2012::12:16:52 ===
GET /greeting/profile [newworld] 200 320ms

=INFO REPORT==== 13-Mar-2012::12:16:52 ===
GET /greeting/profile [newworld] 200 326ms

=INFO REPORT==== 13-Mar-2012::12:16:52 ===
GET /greeting/profile [newworld] 200 335ms

=INFO REPORT==== 13-Mar-2012::12:16:52 ===
GET /greeting/profile [newworld] 200 337ms

=INFO REPORT==== 13-Mar-2012::12:16:52 ===
GET /greeting/profile [newworld] 200 344ms

=INFO REPORT==== 13-Mar-2012::12:16:52 ===
GET /greeting/profile [newworld] 200 350ms

=INFO REPORT==== 13-Mar-2012::12:16:52 ===
GET /greeting/profile [newworld] 200 358ms

=INFO REPORT==== 13-Mar-2012::12:16:52 ===
GET /greeting/profile [newworld] 200 362ms

=INFO REPORT==== 13-Mar-2012::12:16:52 ===
GET /greeting/profile [newworld] 200 368ms

=INFO REPORT==== 13-Mar-2012::12:16:52 ===
GET /greeting/profile [newworld] 200 374ms

=INFO REPORT==== 13-Mar-2012::12:16:52 ===
GET /greeting/profile [newworld] 200 386ms

=INFO REPORT==== 13-Mar-2012::12:16:52 ===
GET /greeting/profile [newworld] 200 387ms

=INFO REPORT==== 13-Mar-2012::12:16:52 ===
GET /greeting/profile [newworld] 200 392ms

=INFO REPORT==== 13-Mar-2012::12:16:52 ===
GET /greeting/profile [newworld] 200 393ms

=INFO REPORT==== 13-Mar-2012::12:16:52 ===
GET /greeting/profile [newworld] 200 396ms

=INFO REPORT==== 13-Mar-2012::12:16:53 ===
GET /greeting/profile [newworld] 200 549ms

=INFO REPORT==== 13-Mar-2012::12:16:53 ===
GET /greeting/profile [newworld] 200 559ms

=INFO REPORT==== 13-Mar-2012::12:16:53 ===
GET /greeting/profile [newworld] 200 568ms

=INFO REPORT==== 13-Mar-2012::12:16:53 ===
GET /greeting/profile [newworld] 200 567ms

=INFO REPORT==== 13-Mar-2012::12:16:53 ===
GET /greeting/profile [newworld] 200 563ms

=INFO REPORT==== 13-Mar-2012::12:16:53 ===
GET /greeting/profile [newworld] 200 561ms

=INFO REPORT==== 13-Mar-2012::12:16:53 ===
GET /greeting/profile [newworld] 200 561ms

=INFO REPORT==== 13-Mar-2012::12:16:53 ===
GET /greeting/profile [newworld] 200 561ms

=INFO REPORT==== 13-Mar-2012::12:16:53 ===
GET /greeting/profile [newworld] 200 562ms

=INFO REPORT==== 13-Mar-2012::12:16:53 ===
GET /greeting/profile [newworld] 200 561ms

=INFO REPORT==== 13-Mar-2012::12:16:53 ===
GET /greeting/profile [newworld] 200 560ms

=INFO REPORT==== 13-Mar-2012::12:16:53 ===
GET /greeting/profile [newworld] 200 560ms

=INFO REPORT==== 13-Mar-2012::12:16:53 ===
GET /greeting/profile [newworld] 200 560ms

=INFO REPORT==== 13-Mar-2012::12:16:53 ===
GET /greeting/profile [newworld] 200 560ms

=INFO REPORT==== 13-Mar-2012::12:16:53 ===
GET /greeting/profile [newworld] 200 563ms

=INFO REPORT==== 13-Mar-2012::12:16:53 ===
GET /greeting/profile [newworld] 200 562ms

=INFO REPORT==== 13-Mar-2012::12:16:53 ===
GET /greeting/profile [newworld] 200 561ms

=INFO REPORT==== 13-Mar-2012::12:16:53 ===
GET /greeting/profile [newworld] 200 562ms

=INFO REPORT==== 13-Mar-2012::12:16:53 ===
GET /greeting/profile [newworld] 200 560ms

=INFO REPORT==== 13-Mar-2012::12:16:53 ===
GET /greeting/profile [newworld] 200 559ms

=INFO REPORT==== 13-Mar-2012::12:16:53 ===
GET /greeting/profile [newworld] 200 558ms

=INFO REPORT==== 13-Mar-2012::12:16:53 ===
GET /greeting/profile [newworld] 200 556ms

=INFO REPORT==== 13-Mar-2012::12:16:53 ===
GET /greeting/profile [newworld] 200 555ms

=INFO REPORT==== 13-Mar-2012::12:16:53 ===
GET /greeting/profile [newworld] 200 555ms

=INFO REPORT==== 13-Mar-2012::12:16:53 ===
GET /greeting/profile [newworld] 200 554ms

=INFO REPORT==== 13-Mar-2012::12:16:53 ===
GET /greeting/profile [newworld] 200 554ms

=INFO REPORT==== 13-Mar-2012::12:16:53 ===
GET /greeting/profile [newworld] 200 553ms

=INFO REPORT==== 13-Mar-2012::12:16:53 ===
GET /greeting/profile [newworld] 200 552ms

=INFO REPORT==== 13-Mar-2012::12:16:53 ===
GET /greeting/profile [newworld] 200 550ms

=INFO REPORT==== 13-Mar-2012::12:16:53 ===
GET /greeting/profile [newworld] 200 549ms

=INFO REPORT==== 13-Mar-2012::12:16:53 ===
GET /greeting/profile [newworld] 200 548ms

=INFO REPORT==== 13-Mar-2012::12:16:53 ===
GET /greeting/profile [newworld] 200 548ms

=INFO REPORT==== 13-Mar-2012::12:16:53 ===
GET /greeting/profile [newworld] 200 545ms

=INFO REPORT==== 13-Mar-2012::12:16:53 ===
GET /greeting/profile [newworld] 200 545ms

=INFO REPORT==== 13-Mar-2012::12:16:53 ===
GET /greeting/profile [newworld] 200 544ms

=INFO REPORT==== 13-Mar-2012::12:16:53 ===
GET /greeting/profile [newworld] 200 547ms

=INFO REPORT==== 13-Mar-2012::12:16:53 ===
GET /greeting/profile [newworld] 200 545ms

=INFO REPORT==== 13-Mar-2012::12:16:53 ===
GET /greeting/profile [newworld] 200 544ms

=INFO REPORT==== 13-Mar-2012::12:16:53 ===
GET /greeting/profile [newworld] 200 542ms

=INFO REPORT==== 13-Mar-2012::12:16:53 ===
GET /greeting/profile [newworld] 200 541ms

=INFO REPORT==== 13-Mar-2012::12:16:53 ===
GET /greeting/profile [newworld] 200 320ms

=INFO REPORT==== 13-Mar-2012::12:16:53 ===
GET /greeting/profile [newworld] 200 311ms

=INFO REPORT==== 13-Mar-2012::12:16:53 ===
GET /greeting/profile [newworld] 200 306ms

=INFO REPORT==== 13-Mar-2012::12:16:53 ===
GET /greeting/profile [newworld] 200 304ms

=INFO REPORT==== 13-Mar-2012::12:16:53 ===
GET /greeting/profile [newworld] 200 293ms

=INFO REPORT==== 13-Mar-2012::12:16:53 ===
GET /greeting/profile [newworld] 200 291ms

=INFO REPORT==== 13-Mar-2012::12:16:53 ===
GET /greeting/profile [newworld] 200 289ms

=INFO REPORT==== 13-Mar-2012::12:16:53 ===
GET /greeting/profile [newworld] 200 286ms

=INFO REPORT==== 13-Mar-2012::12:16:53 ===
GET /greeting/profile [newworld] 200 284ms

=INFO REPORT==== 13-Mar-2012::12:16:53 ===
GET /greeting/profile [newworld] 200 283ms

=INFO REPORT==== 13-Mar-2012::12:16:53 ===
GET /greeting/profile [newworld] 200 282ms

=INFO REPORT==== 13-Mar-2012::12:16:53 ===
GET /greeting/profile [newworld] 200 281ms

=INFO REPORT==== 13-Mar-2012::12:16:53 ===
GET /greeting/profile [newworld] 200 279ms

=INFO REPORT==== 13-Mar-2012::12:16:53 ===
GET /greeting/profile [newworld] 200 304ms

=INFO REPORT==== 13-Mar-2012::12:16:53 ===
GET /greeting/profile [newworld] 200 300ms

=INFO REPORT==== 13-Mar-2012::12:16:53 ===
GET /greeting/profile [newworld] 200 297ms

=INFO REPORT==== 13-Mar-2012::12:16:53 ===
GET /greeting/profile [newworld] 200 290ms

=INFO REPORT==== 13-Mar-2012::12:16:53 ===
GET /greeting/profile [newworld] 200 285ms

=INFO REPORT==== 13-Mar-2012::12:16:53 ===
GET /greeting/profile [newworld] 200 278ms

=INFO REPORT==== 13-Mar-2012::12:16:53 ===
GET /greeting/profile [newworld] 200 275ms

=INFO REPORT==== 13-Mar-2012::12:16:53 ===
GET /greeting/profile [newworld] 200 267ms

=INFO REPORT==== 13-Mar-2012::12:16:53 ===
GET /greeting/profile [newworld] 200 261ms

=INFO REPORT==== 13-Mar-2012::12:16:53 ===
GET /greeting/profile [newworld] 200 254ms

=INFO REPORT==== 13-Mar-2012::12:16:53 ===
GET /greeting/profile [newworld] 200 246ms

=INFO REPORT==== 13-Mar-2012::12:16:53 ===
GET /greeting/profile [newworld] 200 242ms

=INFO REPORT==== 13-Mar-2012::12:16:53 ===
GET /greeting/profile [newworld] 200 235ms

=INFO REPORT==== 13-Mar-2012::12:16:53 ===
GET /greeting/profile [newworld] 200 229ms

=INFO REPORT==== 13-Mar-2012::12:16:53 ===
GET /greeting/profile [newworld] 200 221ms

=INFO REPORT==== 13-Mar-2012::12:16:53 ===
GET /greeting/profile [newworld] 200 215ms

=INFO REPORT==== 13-Mar-2012::12:16:53 ===
GET /greeting/profile [newworld] 200 210ms

=INFO REPORT==== 13-Mar-2012::12:16:53 ===
GET /greeting/profile [newworld] 200 205ms

=INFO REPORT==== 13-Mar-2012::12:16:53 ===
GET /greeting/profile [newworld] 200 202ms

=INFO REPORT==== 13-Mar-2012::12:16:53 ===
GET /greeting/profile [newworld] 200 209ms

=INFO REPORT==== 13-Mar-2012::12:16:53 ===
GET /greeting/profile [newworld] 200 213ms

=INFO REPORT==== 13-Mar-2012::12:16:53 ===
GET /greeting/profile [newworld] 200 208ms

=INFO REPORT==== 13-Mar-2012::12:16:53 ===
GET /greeting/profile [newworld] 200 212ms

=INFO REPORT==== 13-Mar-2012::12:16:53 ===
GET /greeting/profile [newworld] 200 210ms

=INFO REPORT==== 13-Mar-2012::12:16:53 ===
GET /greeting/profile [newworld] 200 214ms

=INFO REPORT==== 13-Mar-2012::12:16:53 ===
GET /greeting/profile [newworld] 200 214ms

=INFO REPORT==== 13-Mar-2012::12:16:53 ===
GET /greeting/profile [newworld] 200 218ms

=INFO REPORT==== 13-Mar-2012::12:16:53 ===
GET /greeting/profile [newworld] 200 211ms

=INFO REPORT==== 13-Mar-2012::12:16:53 ===
GET /greeting/profile [newworld] 200 528ms

=INFO REPORT==== 13-Mar-2012::12:16:53 ===
GET /greeting/profile [newworld] 200 534ms

=INFO REPORT==== 13-Mar-2012::12:16:53 ===
GET /greeting/profile [newworld] 200 539ms

=INFO REPORT==== 13-Mar-2012::12:16:53 ===
GET /greeting/profile [newworld] 200 545ms

=INFO REPORT==== 13-Mar-2012::12:16:53 ===
GET /greeting/profile [newworld] 200 546ms

=INFO REPORT==== 13-Mar-2012::12:16:53 ===
GET /greeting/profile [newworld] 200 554ms

=INFO REPORT==== 13-Mar-2012::12:16:53 ===
GET /greeting/profile [newworld] 200 561ms

=INFO REPORT==== 13-Mar-2012::12:16:53 ===
GET /greeting/profile [newworld] 200 567ms

=INFO REPORT==== 13-Mar-2012::12:16:53 ===
GET /greeting/profile [newworld] 200 573ms

=INFO REPORT==== 13-Mar-2012::12:16:53 ===
GET /greeting/profile [newworld] 200 571ms

=INFO REPORT==== 13-Mar-2012::12:16:53 ===
GET /greeting/profile [newworld] 200 486ms

=INFO REPORT==== 13-Mar-2012::12:16:53 ===
GET /greeting/profile [newworld] 200 494ms

=INFO REPORT==== 13-Mar-2012::12:16:53 ===
GET /greeting/profile [newworld] 200 500ms

=INFO REPORT==== 13-Mar-2012::12:16:53 ===
GET /greeting/profile [newworld] 200 510ms

=INFO REPORT==== 13-Mar-2012::12:16:53 ===
GET /greeting/profile [newworld] 200 514ms

=INFO REPORT==== 13-Mar-2012::12:16:53 ===
GET /greeting/profile [newworld] 200 515ms

=INFO REPORT==== 13-Mar-2012::12:16:53 ===
GET /greeting/profile [newworld] 200 519ms

=INFO REPORT==== 13-Mar-2012::12:16:53 ===
GET /greeting/profile [newworld] 200 521ms

=INFO REPORT==== 13-Mar-2012::12:16:53 ===
GET /greeting/profile [newworld] 200 533ms

=INFO REPORT==== 13-Mar-2012::12:16:53 ===
GET /greeting/profile [newworld] 200 525ms

=INFO REPORT==== 13-Mar-2012::12:16:53 ===
GET /greeting/profile [newworld] 200 523ms

=INFO REPORT==== 13-Mar-2012::12:16:53 ===
GET /greeting/profile [newworld] 200 480ms

=INFO REPORT==== 13-Mar-2012::12:16:53 ===
GET /greeting/profile [newworld] 200 482ms

=INFO REPORT==== 13-Mar-2012::12:16:53 ===
GET /greeting/profile [newworld] 200 483ms

=INFO REPORT==== 13-Mar-2012::12:16:53 ===
GET /greeting/profile [newworld] 200 490ms

=INFO REPORT==== 13-Mar-2012::12:16:53 ===
GET /greeting/profile [newworld] 200 497ms

=INFO REPORT==== 13-Mar-2012::12:16:53 ===
GET /greeting/profile [newworld] 200 506ms

=INFO REPORT==== 13-Mar-2012::12:16:53 ===
GET /greeting/profile [newworld] 200 518ms

=INFO REPORT==== 13-Mar-2012::12:16:53 ===
GET /greeting/profile [newworld] 200 527ms

=INFO REPORT==== 13-Mar-2012::12:16:53 ===
GET /greeting/profile [newworld] 200 535ms

=INFO REPORT==== 13-Mar-2012::12:16:53 ===
GET /greeting/profile [newworld] 200 539ms

=INFO REPORT==== 13-Mar-2012::12:16:54 ===
GET /greeting/profile [newworld] 200 549ms

=INFO REPORT==== 13-Mar-2012::12:16:54 ===
GET /greeting/profile [newworld] 200 557ms

=INFO REPORT==== 13-Mar-2012::12:16:54 ===
GET /greeting/profile [newworld] 200 556ms

=INFO REPORT==== 13-Mar-2012::12:16:54 ===
GET /greeting/profile [newworld] 200 553ms

=INFO REPORT==== 13-Mar-2012::12:16:54 ===
GET /greeting/profile [newworld] 200 548ms

=INFO REPORT==== 13-Mar-2012::12:16:54 ===
GET /greeting/profile [newworld] 200 546ms

=INFO REPORT==== 13-Mar-2012::12:16:54 ===
GET /greeting/profile [newworld] 200 545ms

=INFO REPORT==== 13-Mar-2012::12:16:54 ===
GET /greeting/profile [newworld] 200 543ms

=INFO REPORT==== 13-Mar-2012::12:16:54 ===
GET /greeting/profile [newworld] 200 527ms

=INFO REPORT==== 13-Mar-2012::12:16:54 ===
GET /greeting/profile [newworld] 200 525ms

=INFO REPORT==== 13-Mar-2012::12:16:54 ===
GET /greeting/profile [newworld] 200 523ms

=INFO REPORT==== 13-Mar-2012::12:16:54 ===
GET /greeting/profile [newworld] 200 535ms

=INFO REPORT==== 13-Mar-2012::12:16:54 ===
GET /greeting/profile [newworld] 200 539ms

=INFO REPORT==== 13-Mar-2012::12:16:54 ===
GET /greeting/profile [newworld] 200 540ms

=INFO REPORT==== 13-Mar-2012::12:16:54 ===
GET /greeting/profile [newworld] 200 541ms

=INFO REPORT==== 13-Mar-2012::12:16:54 ===
GET /greeting/profile [newworld] 200 545ms

=INFO REPORT==== 13-Mar-2012::12:16:54 ===
GET /greeting/profile [newworld] 200 548ms

=INFO REPORT==== 13-Mar-2012::12:16:54 ===
GET /greeting/profile [newworld] 200 550ms

=INFO REPORT==== 13-Mar-2012::12:16:54 ===
GET /greeting/profile [newworld] 200 552ms

=INFO REPORT==== 13-Mar-2012::12:16:54 ===
GET /greeting/profile [newworld] 200 549ms

=INFO REPORT==== 13-Mar-2012::12:16:54 ===
GET /greeting/profile [newworld] 200 545ms

=INFO REPORT==== 13-Mar-2012::12:16:54 ===
GET /greeting/profile [newworld] 200 535ms

=INFO REPORT==== 13-Mar-2012::12:16:54 ===
GET /greeting/profile [newworld] 200 527ms

=INFO REPORT==== 13-Mar-2012::12:16:54 ===
GET /greeting/profile [newworld] 200 522ms

=INFO REPORT==== 13-Mar-2012::12:16:54 ===
GET /greeting/profile [newworld] 200 519ms

=INFO REPORT==== 13-Mar-2012::12:16:54 ===
GET /greeting/profile [newworld] 200 511ms

=INFO REPORT==== 13-Mar-2012::12:16:54 ===
GET /greeting/profile [newworld] 200 504ms

=INFO REPORT==== 13-Mar-2012::12:16:54 ===
GET /greeting/profile [newworld] 200 501ms

=INFO REPORT==== 13-Mar-2012::12:16:54 ===
GET /greeting/profile [newworld] 200 502ms

=INFO REPORT==== 13-Mar-2012::12:16:54 ===
GET /greeting/profile [newworld] 200 496ms

=INFO REPORT==== 13-Mar-2012::12:16:54 ===
GET /greeting/profile [newworld] 200 488ms

=INFO REPORT==== 13-Mar-2012::12:16:54 ===
GET /greeting/profile [newworld] 200 487ms

=INFO REPORT==== 13-Mar-2012::12:16:54 ===
GET /greeting/profile [newworld] 200 477ms

=INFO REPORT==== 13-Mar-2012::12:16:54 ===
GET /greeting/profile [newworld] 200 478ms

=INFO REPORT==== 13-Mar-2012::12:16:54 ===
GET /greeting/profile [newworld] 200 476ms

=INFO REPORT==== 13-Mar-2012::12:16:54 ===
GET /greeting/profile [newworld] 200 495ms

=INFO REPORT==== 13-Mar-2012::12:16:54 ===
GET /greeting/profile [newworld] 200 491ms

=INFO REPORT==== 13-Mar-2012::12:16:54 ===
GET /greeting/profile [newworld] 200 489ms

=INFO REPORT==== 13-Mar-2012::12:16:54 ===
GET /greeting/profile [newworld] 200 481ms

=INFO REPORT==== 13-Mar-2012::12:16:54 ===
GET /greeting/profile [newworld] 200 472ms

=INFO REPORT==== 13-Mar-2012::12:16:54 ===
GET /greeting/profile [newworld] 200 460ms

=INFO REPORT==== 13-Mar-2012::12:16:54 ===
GET /greeting/profile [newworld] 200 451ms

=INFO REPORT==== 13-Mar-2012::12:16:54 ===
GET /greeting/profile [newworld] 200 442ms

=INFO REPORT==== 13-Mar-2012::12:16:54 ===
GET /greeting/profile [newworld] 200 435ms

=INFO REPORT==== 13-Mar-2012::12:16:54 ===
GET /greeting/profile [newworld] 200 424ms

=INFO REPORT==== 13-Mar-2012::12:16:54 ===
GET /greeting/profile [newworld] 200 416ms

=INFO REPORT==== 13-Mar-2012::12:16:54 ===
GET /greeting/profile [newworld] 200 410ms

=INFO REPORT==== 13-Mar-2012::12:16:54 ===
GET /greeting/profile [newworld] 200 338ms

=INFO REPORT==== 13-Mar-2012::12:16:54 ===
GET /greeting/profile [newworld] 200 335ms

=INFO REPORT==== 13-Mar-2012::12:16:54 ===
GET /greeting/profile [newworld] 200 332ms

=INFO REPORT==== 13-Mar-2012::12:16:54 ===
GET /greeting/profile [newworld] 200 327ms

=INFO REPORT==== 13-Mar-2012::12:16:54 ===
GET /greeting/profile [newworld] 200 325ms

=INFO REPORT==== 13-Mar-2012::12:16:54 ===
GET /greeting/profile [newworld] 200 322ms

=INFO REPORT==== 13-Mar-2012::12:16:54 ===
GET /greeting/profile [newworld] 200 320ms

=INFO REPORT==== 13-Mar-2012::12:16:54 ===
GET /greeting/profile [newworld] 200 316ms

=INFO REPORT==== 13-Mar-2012::12:16:54 ===
GET /greeting/profile [newworld] 200 315ms

=INFO REPORT==== 13-Mar-2012::12:16:54 ===
GET /greeting/profile [newworld] 200 312ms

=INFO REPORT==== 13-Mar-2012::12:16:54 ===
GET /greeting/profile [newworld] 200 317ms

=INFO REPORT==== 13-Mar-2012::12:16:54 ===
GET /greeting/profile [newworld] 200 315ms

=INFO REPORT==== 13-Mar-2012::12:16:54 ===
GET /greeting/profile [newworld] 200 310ms

=INFO REPORT==== 13-Mar-2012::12:16:54 ===
GET /greeting/profile [newworld] 200 308ms

=INFO REPORT==== 13-Mar-2012::12:16:54 ===
GET /greeting/profile [newworld] 200 307ms

=INFO REPORT==== 13-Mar-2012::12:16:54 ===
GET /greeting/profile [newworld] 200 304ms

=INFO REPORT==== 13-Mar-2012::12:16:54 ===
GET /greeting/profile [newworld] 200 301ms

=INFO REPORT==== 13-Mar-2012::12:16:54 ===
GET /greeting/profile [newworld] 200 299ms

=INFO REPORT==== 13-Mar-2012::12:16:54 ===
GET /greeting/profile [newworld] 200 297ms

=INFO REPORT==== 13-Mar-2012::12:16:54 ===
GET /greeting/profile [newworld] 200 287ms

=INFO REPORT==== 13-Mar-2012::12:16:54 ===
GET /greeting/profile [newworld] 200 237ms

=INFO REPORT==== 13-Mar-2012::12:16:54 ===
GET /greeting/profile [newworld] 200 241ms

=INFO REPORT==== 13-Mar-2012::12:16:54 ===
GET /greeting/profile [newworld] 200 109ms

=INFO REPORT==== 13-Mar-2012::12:16:54 ===
GET /greeting/profile [newworld] 200 114ms

=INFO REPORT==== 13-Mar-2012::12:16:54 ===
GET /greeting/profile [newworld] 200 119ms

=INFO REPORT==== 13-Mar-2012::12:16:54 ===
GET /greeting/profile [newworld] 200 114ms

=INFO REPORT==== 13-Mar-2012::12:16:54 ===
GET /greeting/profile [newworld] 200 116ms

=INFO REPORT==== 13-Mar-2012::12:16:54 ===
GET /greeting/profile [newworld] 200 101ms

=INFO REPORT==== 13-Mar-2012::12:16:54 ===
GET /greeting/profile [newworld] 200 123ms

=INFO REPORT==== 13-Mar-2012::12:16:54 ===
GET /greeting/profile [newworld] 200 123ms

=INFO REPORT==== 13-Mar-2012::12:16:54 ===
GET /greeting/profile [newworld] 200 137ms

=INFO REPORT==== 13-Mar-2012::12:16:54 ===
GET /greeting/profile [newworld] 200 142ms

=INFO REPORT==== 13-Mar-2012::12:16:54 ===
GET /greeting/profile [newworld] 200 147ms

=INFO REPORT==== 13-Mar-2012::12:16:54 ===
GET /greeting/profile [newworld] 200 146ms

=INFO REPORT==== 13-Mar-2012::12:16:54 ===
GET /greeting/profile [newworld] 200 145ms

=INFO REPORT==== 13-Mar-2012::12:16:54 ===
GET /greeting/profile [newworld] 200 153ms

=INFO REPORT==== 13-Mar-2012::12:16:54 ===
GET /greeting/profile [newworld] 200 153ms

=INFO REPORT==== 13-Mar-2012::12:16:54 ===
GET /greeting/profile [newworld] 200 152ms

=INFO REPORT==== 13-Mar-2012::12:16:54 ===
GET /greeting/profile [newworld] 200 152ms

=INFO REPORT==== 13-Mar-2012::12:16:54 ===
GET /greeting/profile [newworld] 200 165ms

=INFO REPORT==== 13-Mar-2012::12:16:54 ===
GET /greeting/profile [newworld] 200 169ms

=INFO REPORT==== 13-Mar-2012::12:16:54 ===
GET /greeting/profile [newworld] 200 418ms

=INFO REPORT==== 13-Mar-2012::12:16:54 ===
GET /greeting/profile [newworld] 200 431ms

=INFO REPORT==== 13-Mar-2012::12:16:54 ===
GET /greeting/profile [newworld] 200 442ms

=INFO REPORT==== 13-Mar-2012::12:16:54 ===
GET /greeting/profile [newworld] 200 449ms

=INFO REPORT==== 13-Mar-2012::12:16:54 ===
GET /greeting/profile [newworld] 200 462ms

=INFO REPORT==== 13-Mar-2012::12:16:54 ===
GET /greeting/profile [newworld] 200 472ms

=INFO REPORT==== 13-Mar-2012::12:16:54 ===
GET /greeting/profile [newworld] 200 487ms

=INFO REPORT==== 13-Mar-2012::12:16:54 ===
GET /greeting/profile [newworld] 200 488ms

=INFO REPORT==== 13-Mar-2012::12:16:54 ===
GET /greeting/profile [newworld] 200 501ms

=INFO REPORT==== 13-Mar-2012::12:16:54 ===
GET /greeting/profile [newworld] 200 508ms

=INFO REPORT==== 13-Mar-2012::12:16:54 ===
GET /greeting/profile [newworld] 200 522ms

=INFO REPORT==== 13-Mar-2012::12:16:54 ===
GET /greeting/profile [newworld] 200 468ms

=INFO REPORT==== 13-Mar-2012::12:16:54 ===
GET /greeting/profile [newworld] 200 482ms

=INFO REPORT==== 13-Mar-2012::12:16:54 ===
GET /greeting/profile [newworld] 200 498ms

=INFO REPORT==== 13-Mar-2012::12:16:54 ===
GET /greeting/profile [newworld] 200 508ms

=INFO REPORT==== 13-Mar-2012::12:16:54 ===
GET /greeting/profile [newworld] 200 517ms

=INFO REPORT==== 13-Mar-2012::12:16:54 ===
GET /greeting/profile [newworld] 200 529ms

=INFO REPORT==== 13-Mar-2012::12:16:54 ===
GET /greeting/profile [newworld] 200 539ms

=INFO REPORT==== 13-Mar-2012::12:16:54 ===
GET /greeting/profile [newworld] 200 548ms

=INFO REPORT==== 13-Mar-2012::12:16:54 ===
GET /greeting/profile [newworld] 200 550ms

=INFO REPORT==== 13-Mar-2012::12:16:54 ===
GET /greeting/profile [newworld] 200 561ms

=INFO REPORT==== 13-Mar-2012::12:16:54 ===
GET /greeting/profile [newworld] 200 566ms

=INFO REPORT==== 13-Mar-2012::12:16:54 ===
GET /greeting/profile [newworld] 200 569ms

=INFO REPORT==== 13-Mar-2012::12:16:54 ===
GET /greeting/profile [newworld] 200 585ms

=INFO REPORT==== 13-Mar-2012::12:16:54 ===
GET /greeting/profile [newworld] 200 593ms

=INFO REPORT==== 13-Mar-2012::12:16:54 ===
GET /greeting/profile [newworld] 200 591ms

=INFO REPORT==== 13-Mar-2012::12:16:54 ===
GET /greeting/profile [newworld] 200 599ms

=INFO REPORT==== 13-Mar-2012::12:16:54 ===
GET /greeting/profile [newworld] 200 604ms

=INFO REPORT==== 13-Mar-2012::12:16:54 ===
GET /greeting/profile [newworld] 200 607ms

=INFO REPORT==== 13-Mar-2012::12:16:54 ===
GET /greeting/profile [newworld] 200 606ms

=INFO REPORT==== 13-Mar-2012::12:16:54 ===
GET /greeting/profile [newworld] 200 608ms

=INFO REPORT==== 13-Mar-2012::12:16:54 ===
GET /greeting/profile [newworld] 200 607ms

=INFO REPORT==== 13-Mar-2012::12:16:54 ===
GET /greeting/profile [newworld] 200 612ms

=INFO REPORT==== 13-Mar-2012::12:16:54 ===
GET /greeting/profile [newworld] 200 611ms

=INFO REPORT==== 13-Mar-2012::12:16:54 ===
GET /greeting/profile [newworld] 200 610ms

=INFO REPORT==== 13-Mar-2012::12:16:54 ===
GET /greeting/profile [newworld] 200 610ms

=INFO REPORT==== 13-Mar-2012::12:16:54 ===
GET /greeting/profile [newworld] 200 610ms

=INFO REPORT==== 13-Mar-2012::12:16:54 ===
GET /greeting/profile [newworld] 200 607ms

=INFO REPORT==== 13-Mar-2012::12:16:54 ===
GET /greeting/profile [newworld] 200 602ms

=INFO REPORT==== 13-Mar-2012::12:16:54 ===
GET /greeting/profile [newworld] 200 601ms

=INFO REPORT==== 13-Mar-2012::12:16:54 ===
GET /greeting/profile [newworld] 200 600ms

=INFO REPORT==== 13-Mar-2012::12:16:54 ===
GET /greeting/profile [newworld] 200 604ms

=INFO REPORT==== 13-Mar-2012::12:16:54 ===
GET /greeting/profile [newworld] 200 605ms

=INFO REPORT==== 13-Mar-2012::12:16:54 ===
GET /greeting/profile [newworld] 200 606ms

=INFO REPORT==== 13-Mar-2012::12:16:54 ===
GET /greeting/profile [newworld] 200 607ms

=INFO REPORT==== 13-Mar-2012::12:16:54 ===
GET /greeting/profile [newworld] 200 610ms

=INFO REPORT==== 13-Mar-2012::12:16:54 ===
GET /greeting/profile [newworld] 200 610ms

=INFO REPORT==== 13-Mar-2012::12:16:54 ===
GET /greeting/profile [newworld] 200 569ms

=INFO REPORT==== 13-Mar-2012::12:16:55 ===
GET /greeting/profile [newworld] 200 575ms

=INFO REPORT==== 13-Mar-2012::12:16:55 ===
GET /greeting/profile [newworld] 200 581ms

=INFO REPORT==== 13-Mar-2012::12:16:55 ===
GET /greeting/profile [newworld] 200 589ms

=INFO REPORT==== 13-Mar-2012::12:16:55 ===
GET /greeting/profile [newworld] 200 591ms

=INFO REPORT==== 13-Mar-2012::12:16:55 ===
GET /greeting/profile [newworld] 200 596ms

=INFO REPORT==== 13-Mar-2012::12:16:55 ===
GET /greeting/profile [newworld] 200 596ms

=INFO REPORT==== 13-Mar-2012::12:16:55 ===
GET /greeting/profile [newworld] 200 597ms

=INFO REPORT==== 13-Mar-2012::12:16:55 ===
GET /greeting/profile [newworld] 200 601ms

=INFO REPORT==== 13-Mar-2012::12:16:55 ===
GET /greeting/profile [newworld] 200 607ms

=INFO REPORT==== 13-Mar-2012::12:16:55 ===
GET /greeting/profile [newworld] 200 612ms

=INFO REPORT==== 13-Mar-2012::12:16:55 ===
GET /greeting/profile [newworld] 200 624ms

=INFO REPORT==== 13-Mar-2012::12:16:55 ===
GET /greeting/profile [newworld] 200 627ms

=INFO REPORT==== 13-Mar-2012::12:16:55 ===
GET /greeting/profile [newworld] 200 631ms

=INFO REPORT==== 13-Mar-2012::12:16:55 ===
GET /greeting/profile [newworld] 200 634ms

=INFO REPORT==== 13-Mar-2012::12:16:55 ===
GET /greeting/profile [newworld] 200 645ms

=INFO REPORT==== 13-Mar-2012::12:16:55 ===
GET /greeting/profile [newworld] 200 642ms

=INFO REPORT==== 13-Mar-2012::12:16:55 ===
GET /greeting/profile [newworld] 200 638ms

=INFO REPORT==== 13-Mar-2012::12:16:55 ===
GET /greeting/profile [newworld] 200 632ms

=INFO REPORT==== 13-Mar-2012::12:16:55 ===
GET /greeting/profile [newworld] 200 607ms

=INFO REPORT==== 13-Mar-2012::12:16:55 ===
GET /greeting/profile [newworld] 200 606ms

=INFO REPORT==== 13-Mar-2012::12:16:55 ===
GET /greeting/profile [newworld] 200 593ms

=INFO REPORT==== 13-Mar-2012::12:16:55 ===
GET /greeting/profile [newworld] 200 589ms

=INFO REPORT==== 13-Mar-2012::12:16:55 ===
GET /greeting/profile [newworld] 200 580ms

=INFO REPORT==== 13-Mar-2012::12:16:55 ===
GET /greeting/profile [newworld] 200 575ms

=INFO REPORT==== 13-Mar-2012::12:16:55 ===
GET /greeting/profile [newworld] 200 572ms

=INFO REPORT==== 13-Mar-2012::12:16:55 ===
GET /greeting/profile [newworld] 200 567ms

=INFO REPORT==== 13-Mar-2012::12:16:55 ===
GET /greeting/profile [newworld] 200 564ms

=INFO REPORT==== 13-Mar-2012::12:16:55 ===
GET /greeting/profile [newworld] 200 559ms

=INFO REPORT==== 13-Mar-2012::12:16:55 ===
GET /greeting/profile [newworld] 200 556ms

=INFO REPORT==== 13-Mar-2012::12:16:55 ===
GET /greeting/profile [newworld] 200 555ms

=INFO REPORT==== 13-Mar-2012::12:16:55 ===
GET /greeting/profile [newworld] 200 550ms

=INFO REPORT==== 13-Mar-2012::12:16:55 ===
GET /greeting/profile [newworld] 200 543ms

=INFO REPORT==== 13-Mar-2012::12:16:55 ===
GET /greeting/profile [newworld] 200 536ms

=INFO REPORT==== 13-Mar-2012::12:16:55 ===
GET /greeting/profile [newworld] 200 535ms

=INFO REPORT==== 13-Mar-2012::12:16:55 ===
GET /greeting/profile [newworld] 200 530ms

=INFO REPORT==== 13-Mar-2012::12:16:55 ===
GET /greeting/profile [newworld] 200 524ms

=INFO REPORT==== 13-Mar-2012::12:16:55 ===
GET /greeting/profile [newworld] 200 523ms

=INFO REPORT==== 13-Mar-2012::12:16:55 ===
GET /greeting/profile [newworld] 200 521ms

=INFO REPORT==== 13-Mar-2012::12:16:55 ===
GET /greeting/profile [newworld] 200 515ms

=INFO REPORT==== 13-Mar-2012::12:16:55 ===
GET /greeting/profile [newworld] 200 513ms

=INFO REPORT==== 13-Mar-2012::12:16:55 ===
GET /greeting/profile [newworld] 200 513ms

=INFO REPORT==== 13-Mar-2012::12:16:55 ===
GET /greeting/profile [newworld] 200 511ms

=INFO REPORT==== 13-Mar-2012::12:16:55 ===
GET /greeting/profile [newworld] 200 510ms

=INFO REPORT==== 13-Mar-2012::12:16:55 ===
GET /greeting/profile [newworld] 200 509ms

=INFO REPORT==== 13-Mar-2012::12:16:55 ===
GET /greeting/profile [newworld] 200 508ms

=INFO REPORT==== 13-Mar-2012::12:16:55 ===
GET /greeting/profile [newworld] 200 505ms

=INFO REPORT==== 13-Mar-2012::12:16:55 ===
GET /greeting/profile [newworld] 200 502ms

=INFO REPORT==== 13-Mar-2012::12:16:55 ===
GET /greeting/profile [newworld] 200 498ms

=INFO REPORT==== 13-Mar-2012::12:16:55 ===
GET /greeting/profile [newworld] 200 497ms

=INFO REPORT==== 13-Mar-2012::12:16:55 ===
GET /greeting/profile [newworld] 200 487ms

=INFO REPORT==== 13-Mar-2012::12:16:55 ===
GET /greeting/profile [newworld] 200 475ms

=INFO REPORT==== 13-Mar-2012::12:16:55 ===
GET /greeting/profile [newworld] 200 349ms

=INFO REPORT==== 13-Mar-2012::12:16:55 ===
GET /greeting/profile [newworld] 200 164ms

=INFO REPORT==== 13-Mar-2012::12:16:55 ===
GET /greeting/profile [newworld] 200 161ms

=INFO REPORT==== 13-Mar-2012::12:16:55 ===
GET /greeting/profile [newworld] 200 160ms

=INFO REPORT==== 13-Mar-2012::12:16:55 ===
GET /greeting/profile [newworld] 200 160ms

=INFO REPORT==== 13-Mar-2012::12:16:55 ===
GET /greeting/profile [newworld] 200 157ms

=INFO REPORT==== 13-Mar-2012::12:16:55 ===
GET /greeting/profile [newworld] 200 157ms

=INFO REPORT==== 13-Mar-2012::12:16:55 ===
GET /greeting/profile [newworld] 200 161ms

=INFO REPORT==== 13-Mar-2012::12:16:55 ===
GET /greeting/profile [newworld] 200 159ms

=INFO REPORT==== 13-Mar-2012::12:16:55 ===
GET /greeting/profile [newworld] 200 154ms

=INFO REPORT==== 13-Mar-2012::12:16:55 ===
GET /greeting/profile [newworld] 200 149ms

=INFO REPORT==== 13-Mar-2012::12:16:55 ===
GET /greeting/profile [newworld] 200 142ms

=INFO REPORT==== 13-Mar-2012::12:16:55 ===
GET /greeting/profile [newworld] 200 140ms

=INFO REPORT==== 13-Mar-2012::12:16:55 ===
GET /greeting/profile [newworld] 200 117ms

=INFO REPORT==== 13-Mar-2012::12:16:55 ===
GET /greeting/profile [newworld] 200 124ms

=INFO REPORT==== 13-Mar-2012::12:16:55 ===
GET /greeting/profile [newworld] 200 99ms

=INFO REPORT==== 13-Mar-2012::12:16:55 ===
GET /greeting/profile [newworld] 200 100ms

=INFO REPORT==== 13-Mar-2012::12:16:55 ===
GET /greeting/profile [newworld] 200 109ms

=INFO REPORT==== 13-Mar-2012::12:16:55 ===
GET /greeting/profile [newworld] 200 110ms

=INFO REPORT==== 13-Mar-2012::12:16:55 ===
GET /greeting/profile [newworld] 200 109ms

=INFO REPORT==== 13-Mar-2012::12:16:55 ===
GET /greeting/profile [newworld] 200 109ms

=INFO REPORT==== 13-Mar-2012::12:16:55 ===
GET /greeting/profile [newworld] 200 216ms

=INFO REPORT==== 13-Mar-2012::12:16:55 ===
GET /greeting/profile [newworld] 200 459ms

=INFO REPORT==== 13-Mar-2012::12:16:55 ===
GET /greeting/profile [newworld] 200 469ms

=INFO REPORT==== 13-Mar-2012::12:16:55 ===
GET /greeting/profile [newworld] 200 480ms

=INFO REPORT==== 13-Mar-2012::12:16:55 ===
GET /greeting/profile [newworld] 200 495ms

=INFO REPORT==== 13-Mar-2012::12:16:55 ===
GET /greeting/profile [newworld] 200 502ms

=INFO REPORT==== 13-Mar-2012::12:16:55 ===
GET /greeting/profile [newworld] 200 502ms

=INFO REPORT==== 13-Mar-2012::12:16:55 ===
GET /greeting/profile [newworld] 200 480ms

=INFO REPORT==== 13-Mar-2012::12:16:55 ===
GET /greeting/profile [newworld] 200 488ms

=INFO REPORT==== 13-Mar-2012::12:16:55 ===
GET /greeting/profile [newworld] 200 499ms

=INFO REPORT==== 13-Mar-2012::12:16:55 ===
GET /greeting/profile [newworld] 200 514ms

=INFO REPORT==== 13-Mar-2012::12:16:55 ===
GET /greeting/profile [newworld] 200 522ms

=INFO REPORT==== 13-Mar-2012::12:16:55 ===
GET /greeting/profile [newworld] 200 529ms

=INFO REPORT==== 13-Mar-2012::12:16:55 ===
GET /greeting/profile [newworld] 200 536ms

=INFO REPORT==== 13-Mar-2012::12:16:55 ===
GET /greeting/profile [newworld] 200 547ms

=INFO REPORT==== 13-Mar-2012::12:16:55 ===
GET /greeting/profile [newworld] 200 555ms

=INFO REPORT==== 13-Mar-2012::12:16:55 ===
GET /greeting/profile [newworld] 200 573ms

=INFO REPORT==== 13-Mar-2012::12:16:55 ===
GET /greeting/profile [newworld] 200 579ms

=INFO REPORT==== 13-Mar-2012::12:16:55 ===
GET /greeting/profile [newworld] 200 587ms

=INFO REPORT==== 13-Mar-2012::12:16:55 ===
GET /greeting/profile [newworld] 200 596ms

=INFO REPORT==== 13-Mar-2012::12:16:55 ===
GET /greeting/profile [newworld] 200 605ms

=INFO REPORT==== 13-Mar-2012::12:16:55 ===
GET /greeting/profile [newworld] 200 619ms

=INFO REPORT==== 13-Mar-2012::12:16:55 ===
GET /greeting/profile [newworld] 200 639ms

=INFO REPORT==== 13-Mar-2012::12:16:55 ===
GET /greeting/profile [newworld] 200 652ms

=INFO REPORT==== 13-Mar-2012::12:16:55 ===
GET /greeting/profile [newworld] 200 663ms

=INFO REPORT==== 13-Mar-2012::12:16:55 ===
GET /greeting/profile [newworld] 200 668ms

=INFO REPORT==== 13-Mar-2012::12:16:55 ===
GET /greeting/profile [newworld] 200 673ms

=INFO REPORT==== 13-Mar-2012::12:16:55 ===
GET /greeting/profile [newworld] 200 681ms

=INFO REPORT==== 13-Mar-2012::12:16:55 ===
GET /greeting/profile [newworld] 200 691ms

=INFO REPORT==== 13-Mar-2012::12:16:55 ===
GET /greeting/profile [newworld] 200 699ms

=INFO REPORT==== 13-Mar-2012::12:16:55 ===
GET /greeting/profile [newworld] 200 703ms

=INFO REPORT==== 13-Mar-2012::12:16:55 ===
GET /greeting/profile [newworld] 200 709ms

=INFO REPORT==== 13-Mar-2012::12:16:55 ===
GET /greeting/profile [newworld] 200 712ms

=INFO REPORT==== 13-Mar-2012::12:16:55 ===
GET /greeting/profile [newworld] 200 712ms

=INFO REPORT==== 13-Mar-2012::12:16:55 ===
GET /greeting/profile [newworld] 200 714ms

=INFO REPORT==== 13-Mar-2012::12:16:55 ===
GET /greeting/profile [newworld] 200 715ms

=INFO REPORT==== 13-Mar-2012::12:16:55 ===
GET /greeting/profile [newworld] 200 716ms

=INFO REPORT==== 13-Mar-2012::12:16:55 ===
GET /greeting/profile [newworld] 200 720ms

=INFO REPORT==== 13-Mar-2012::12:16:55 ===
GET /greeting/profile [newworld] 200 721ms

=INFO REPORT==== 13-Mar-2012::12:16:55 ===
GET /greeting/profile [newworld] 200 721ms

=INFO REPORT==== 13-Mar-2012::12:16:56 ===
GET /greeting/profile [newworld] 200 720ms

=INFO REPORT==== 13-Mar-2012::12:16:56 ===
GET /greeting/profile [newworld] 200 720ms

=INFO REPORT==== 13-Mar-2012::12:16:56 ===
GET /greeting/profile [newworld] 200 692ms

=INFO REPORT==== 13-Mar-2012::12:16:56 ===
GET /greeting/profile [newworld] 200 691ms

=INFO REPORT==== 13-Mar-2012::12:16:56 ===
GET /greeting/profile [newworld] 200 690ms

=INFO REPORT==== 13-Mar-2012::12:16:56 ===
GET /greeting/profile [newworld] 200 688ms

=INFO REPORT==== 13-Mar-2012::12:16:56 ===
GET /greeting/profile [newworld] 200 689ms

=INFO REPORT==== 13-Mar-2012::12:16:56 ===
GET /greeting/profile [newworld] 200 687ms

=INFO REPORT==== 13-Mar-2012::12:16:56 ===
GET /greeting/profile [newworld] 200 687ms

=INFO REPORT==== 13-Mar-2012::12:16:56 ===
GET /greeting/profile [newworld] 200 688ms

=INFO REPORT==== 13-Mar-2012::12:16:56 ===
GET /greeting/profile [newworld] 200 686ms

=INFO REPORT==== 13-Mar-2012::12:16:56 ===
GET /greeting/profile [newworld] 200 687ms

=INFO REPORT==== 13-Mar-2012::12:16:56 ===
GET /greeting/profile [newworld] 200 686ms

=INFO REPORT==== 13-Mar-2012::12:16:56 ===
GET /greeting/profile [newworld] 200 652ms

=INFO REPORT==== 13-Mar-2012::12:16:56 ===
GET /greeting/profile [newworld] 200 688ms

=INFO REPORT==== 13-Mar-2012::12:16:56 ===
GET /greeting/profile [newworld] 200 688ms

=INFO REPORT==== 13-Mar-2012::12:16:56 ===
GET /greeting/profile [newworld] 200 685ms

=INFO REPORT==== 13-Mar-2012::12:16:56 ===
GET /greeting/profile [newworld] 200 684ms

=INFO REPORT==== 13-Mar-2012::12:16:56 ===
GET /greeting/profile [newworld] 200 685ms

=INFO REPORT==== 13-Mar-2012::12:16:56 ===
GET /greeting/profile [newworld] 200 686ms

=INFO REPORT==== 13-Mar-2012::12:16:56 ===
GET /greeting/profile [newworld] 200 686ms

=INFO REPORT==== 13-Mar-2012::12:16:56 ===
GET /greeting/profile [newworld] 200 684ms

=INFO REPORT==== 13-Mar-2012::12:16:56 ===
GET /greeting/profile [newworld] 200 682ms

=INFO REPORT==== 13-Mar-2012::12:16:56 ===
GET /greeting/profile [newworld] 200 681ms

=INFO REPORT==== 13-Mar-2012::12:16:56 ===
GET /greeting/profile [newworld] 200 691ms

=INFO REPORT==== 13-Mar-2012::12:16:56 ===
GET /greeting/profile [newworld] 200 679ms

=INFO REPORT==== 13-Mar-2012::12:16:56 ===
GET /greeting/profile [newworld] 200 672ms

=INFO REPORT==== 13-Mar-2012::12:16:56 ===
GET /greeting/profile [newworld] 200 668ms

=INFO REPORT==== 13-Mar-2012::12:16:56 ===
GET /greeting/profile [newworld] 200 667ms

=INFO REPORT==== 13-Mar-2012::12:16:56 ===
GET /greeting/profile [newworld] 200 661ms

=INFO REPORT==== 13-Mar-2012::12:16:56 ===
GET /greeting/profile [newworld] 200 655ms

=INFO REPORT==== 13-Mar-2012::12:16:56 ===
GET /greeting/profile [newworld] 200 639ms

=INFO REPORT==== 13-Mar-2012::12:16:56 ===
GET /greeting/profile [newworld] 200 637ms

=INFO REPORT==== 13-Mar-2012::12:16:56 ===
GET /greeting/profile [newworld] 200 635ms

=INFO REPORT==== 13-Mar-2012::12:16:56 ===
GET /greeting/profile [newworld] 200 632ms

=INFO REPORT==== 13-Mar-2012::12:16:56 ===
GET /greeting/profile [newworld] 200 622ms

=INFO REPORT==== 13-Mar-2012::12:16:56 ===
GET /greeting/profile [newworld] 200 617ms

=INFO REPORT==== 13-Mar-2012::12:16:56 ===
GET /greeting/profile [newworld] 200 607ms

=INFO REPORT==== 13-Mar-2012::12:16:56 ===
GET /greeting/profile [newworld] 200 608ms

=INFO REPORT==== 13-Mar-2012::12:16:56 ===
GET /greeting/profile [newworld] 200 605ms

=INFO REPORT==== 13-Mar-2012::12:16:56 ===
GET /greeting/profile [newworld] 200 600ms

=INFO REPORT==== 13-Mar-2012::12:16:56 ===
GET /greeting/profile [newworld] 200 598ms

=INFO REPORT==== 13-Mar-2012::12:16:56 ===
GET /greeting/profile [newworld] 200 596ms

=INFO REPORT==== 13-Mar-2012::12:16:56 ===
GET /greeting/profile [newworld] 200 596ms

=INFO REPORT==== 13-Mar-2012::12:16:56 ===
GET /greeting/profile [newworld] 200 593ms

=INFO REPORT==== 13-Mar-2012::12:16:56 ===
GET /greeting/profile [newworld] 200 590ms

=INFO REPORT==== 13-Mar-2012::12:16:56 ===
GET /greeting/profile [newworld] 200 588ms

=INFO REPORT==== 13-Mar-2012::12:16:56 ===
GET /greeting/profile [newworld] 200 577ms

=INFO REPORT==== 13-Mar-2012::12:16:56 ===
GET /greeting/profile [newworld] 200 572ms

=INFO REPORT==== 13-Mar-2012::12:16:56 ===
GET /greeting/profile [newworld] 200 561ms

=INFO REPORT==== 13-Mar-2012::12:16:56 ===
GET /greeting/profile [newworld] 200 559ms

=INFO REPORT==== 13-Mar-2012::12:16:56 ===
GET /greeting/profile [newworld] 200 556ms

=INFO REPORT==== 13-Mar-2012::12:16:56 ===
GET /greeting/profile [newworld] 200 553ms

=INFO REPORT==== 13-Mar-2012::12:16:56 ===
GET /greeting/profile [newworld] 200 548ms

=INFO REPORT==== 13-Mar-2012::12:16:56 ===
GET /greeting/profile [newworld] 200 537ms

=INFO REPORT==== 13-Mar-2012::12:16:56 ===
GET /greeting/profile [newworld] 200 529ms

=INFO REPORT==== 13-Mar-2012::12:16:56 ===
GET /greeting/profile [newworld] 200 525ms

=INFO REPORT==== 13-Mar-2012::12:16:56 ===
GET /greeting/profile [newworld] 200 521ms

=INFO REPORT==== 13-Mar-2012::12:16:56 ===
GET /greeting/profile [newworld] 200 517ms

=INFO REPORT==== 13-Mar-2012::12:16:56 ===
GET /greeting/profile [newworld] 200 503ms

=INFO REPORT==== 13-Mar-2012::12:16:56 ===
GET /greeting/profile [newworld] 200 357ms

=INFO REPORT==== 13-Mar-2012::12:16:56 ===
GET /greeting/profile [newworld] 200 159ms

=INFO REPORT==== 13-Mar-2012::12:16:56 ===
GET /greeting/profile [newworld] 200 160ms

=INFO REPORT==== 13-Mar-2012::12:16:56 ===
GET /greeting/profile [newworld] 200 159ms

=INFO REPORT==== 13-Mar-2012::12:16:56 ===
GET /greeting/profile [newworld] 200 159ms

=INFO REPORT==== 13-Mar-2012::12:16:56 ===
GET /greeting/profile [newworld] 200 157ms

=INFO REPORT==== 13-Mar-2012::12:16:56 ===
GET /greeting/profile [newworld] 200 152ms

=INFO REPORT==== 13-Mar-2012::12:16:56 ===
GET /greeting/profile [newworld] 200 156ms

=INFO REPORT==== 13-Mar-2012::12:16:56 ===
GET /greeting/profile [newworld] 200 159ms

=INFO REPORT==== 13-Mar-2012::12:16:56 ===
GET /greeting/profile [newworld] 200 157ms

=INFO REPORT==== 13-Mar-2012::12:16:56 ===
GET /greeting/profile [newworld] 200 157ms

=INFO REPORT==== 13-Mar-2012::12:16:56 ===
GET /greeting/profile [newworld] 200 159ms

=INFO REPORT==== 13-Mar-2012::12:16:56 ===
GET /greeting/profile [newworld] 200 161ms

=INFO REPORT==== 13-Mar-2012::12:16:56 ===
GET /greeting/profile [newworld] 200 160ms

=INFO REPORT==== 13-Mar-2012::12:16:56 ===
GET /greeting/profile [newworld] 200 160ms

=INFO REPORT==== 13-Mar-2012::12:16:56 ===
GET /greeting/profile [newworld] 200 157ms

=INFO REPORT==== 13-Mar-2012::12:16:56 ===
GET /greeting/profile [newworld] 200 118ms

=INFO REPORT==== 13-Mar-2012::12:16:56 ===
GET /greeting/profile [newworld] 200 118ms

=INFO REPORT==== 13-Mar-2012::12:16:56 ===
GET /greeting/profile [newworld] 200 125ms

=INFO REPORT==== 13-Mar-2012::12:16:56 ===
GET /greeting/profile [newworld] 200 124ms

=INFO REPORT==== 13-Mar-2012::12:16:56 ===
GET /greeting/profile [newworld] 200 124ms

=INFO REPORT==== 13-Mar-2012::12:16:56 ===
GET /greeting/profile [newworld] 200 124ms

=INFO REPORT==== 13-Mar-2012::12:16:56 ===
GET /greeting/profile [newworld] 200 122ms

=INFO REPORT==== 13-Mar-2012::12:16:56 ===
GET /greeting/profile [newworld] 200 122ms

=INFO REPORT==== 13-Mar-2012::12:16:56 ===
GET /greeting/profile [newworld] 200 238ms

=INFO REPORT==== 13-Mar-2012::12:16:56 ===
GET /greeting/profile [newworld] 200 512ms

=INFO REPORT==== 13-Mar-2012::12:16:56 ===
GET /greeting/profile [newworld] 200 523ms

=INFO REPORT==== 13-Mar-2012::12:16:56 ===
GET /greeting/profile [newworld] 200 537ms

=INFO REPORT==== 13-Mar-2012::12:16:56 ===
GET /greeting/profile [newworld] 200 545ms

=INFO REPORT==== 13-Mar-2012::12:16:56 ===
GET /greeting/profile [newworld] 200 516ms

=INFO REPORT==== 13-Mar-2012::12:16:56 ===
GET /greeting/profile [newworld] 200 526ms

=INFO REPORT==== 13-Mar-2012::12:16:56 ===
GET /greeting/profile [newworld] 200 535ms

=INFO REPORT==== 13-Mar-2012::12:16:56 ===
GET /greeting/profile [newworld] 200 543ms

=INFO REPORT==== 13-Mar-2012::12:16:56 ===
GET /greeting/profile [newworld] 200 554ms

=INFO REPORT==== 13-Mar-2012::12:16:56 ===
GET /greeting/profile [newworld] 200 560ms

=INFO REPORT==== 13-Mar-2012::12:16:56 ===
GET /greeting/profile [newworld] 200 573ms

=INFO REPORT==== 13-Mar-2012::12:16:56 ===
GET /greeting/profile [newworld] 200 582ms

=INFO REPORT==== 13-Mar-2012::12:16:56 ===
GET /greeting/profile [newworld] 200 591ms

=INFO REPORT==== 13-Mar-2012::12:16:56 ===
GET /greeting/profile [newworld] 200 602ms

=INFO REPORT==== 13-Mar-2012::12:16:56 ===
GET /greeting/profile [newworld] 200 610ms

=INFO REPORT==== 13-Mar-2012::12:16:56 ===
GET /greeting/profile [newworld] 200 612ms

=INFO REPORT==== 13-Mar-2012::12:16:56 ===
GET /greeting/profile [newworld] 200 619ms

=INFO REPORT==== 13-Mar-2012::12:16:56 ===
GET /greeting/profile [newworld] 200 637ms

=INFO REPORT==== 13-Mar-2012::12:16:56 ===
GET /greeting/profile [newworld] 200 637ms

=INFO REPORT==== 13-Mar-2012::12:16:56 ===
GET /greeting/profile [newworld] 200 653ms

=INFO REPORT==== 13-Mar-2012::12:16:56 ===
GET /greeting/profile [newworld] 200 659ms

=INFO REPORT==== 13-Mar-2012::12:16:56 ===
GET /greeting/profile [newworld] 200 669ms

=INFO REPORT==== 13-Mar-2012::12:16:56 ===
GET /greeting/profile [newworld] 200 676ms

=INFO REPORT==== 13-Mar-2012::12:16:57 ===
GET /greeting/profile [newworld] 200 685ms

=INFO REPORT==== 13-Mar-2012::12:16:57 ===
GET /greeting/profile [newworld] 200 702ms

=INFO REPORT==== 13-Mar-2012::12:16:57 ===
GET /greeting/profile [newworld] 200 715ms

=INFO REPORT==== 13-Mar-2012::12:16:57 ===
GET /greeting/profile [newworld] 200 722ms

=INFO REPORT==== 13-Mar-2012::12:16:57 ===
GET /greeting/profile [newworld] 200 723ms

=INFO REPORT==== 13-Mar-2012::12:16:57 ===
GET /greeting/profile [newworld] 200 730ms

=INFO REPORT==== 13-Mar-2012::12:16:57 ===
GET /greeting/profile [newworld] 200 732ms

=INFO REPORT==== 13-Mar-2012::12:16:57 ===
GET /greeting/profile [newworld] 200 745ms

=INFO REPORT==== 13-Mar-2012::12:16:57 ===
GET /greeting/profile [newworld] 200 753ms

=INFO REPORT==== 13-Mar-2012::12:16:57 ===
GET /greeting/profile [newworld] 200 763ms

=INFO REPORT==== 13-Mar-2012::12:16:57 ===
GET /greeting/profile [newworld] 200 766ms

=INFO REPORT==== 13-Mar-2012::12:16:57 ===
GET /greeting/profile [newworld] 200 766ms

=INFO REPORT==== 13-Mar-2012::12:16:57 ===
GET /greeting/profile [newworld] 200 767ms

=INFO REPORT==== 13-Mar-2012::12:16:57 ===
GET /greeting/profile [newworld] 200 770ms

=INFO REPORT==== 13-Mar-2012::12:16:57 ===
GET /greeting/profile [newworld] 200 771ms

=INFO REPORT==== 13-Mar-2012::12:16:57 ===
GET /greeting/profile [newworld] 200 772ms

=INFO REPORT==== 13-Mar-2012::12:16:57 ===
GET /greeting/profile [newworld] 200 733ms

=INFO REPORT==== 13-Mar-2012::12:16:57 ===
GET /greeting/profile [newworld] 200 734ms

=INFO REPORT==== 13-Mar-2012::12:16:57 ===
GET /greeting/profile [newworld] 200 734ms

=INFO REPORT==== 13-Mar-2012::12:16:57 ===
GET /greeting/profile [newworld] 200 735ms

=INFO REPORT==== 13-Mar-2012::12:16:57 ===
GET /greeting/profile [newworld] 200 734ms

=INFO REPORT==== 13-Mar-2012::12:16:57 ===
GET /greeting/profile [newworld] 200 734ms

=INFO REPORT==== 13-Mar-2012::12:16:57 ===
GET /greeting/profile [newworld] 200 734ms

=INFO REPORT==== 13-Mar-2012::12:16:57 ===
GET /greeting/profile [newworld] 200 733ms

=INFO REPORT==== 13-Mar-2012::12:16:57 ===
GET /greeting/profile [newworld] 200 694ms

=INFO REPORT==== 13-Mar-2012::12:16:57 ===
GET /greeting/profile [newworld] 200 689ms

=INFO REPORT==== 13-Mar-2012::12:16:57 ===
GET /greeting/profile [newworld] 200 686ms

=INFO REPORT==== 13-Mar-2012::12:16:57 ===
GET /greeting/profile [newworld] 200 691ms

=INFO REPORT==== 13-Mar-2012::12:16:57 ===
GET /greeting/profile [newworld] 200 690ms

=INFO REPORT==== 13-Mar-2012::12:16:57 ===
GET /greeting/profile [newworld] 200 696ms

=INFO REPORT==== 13-Mar-2012::12:16:57 ===
GET /greeting/profile [newworld] 200 707ms

=INFO REPORT==== 13-Mar-2012::12:16:57 ===
GET /greeting/profile [newworld] 200 718ms

=INFO REPORT==== 13-Mar-2012::12:16:57 ===
GET /greeting/profile [newworld] 200 721ms

=INFO REPORT==== 13-Mar-2012::12:16:57 ===
GET /greeting/profile [newworld] 200 722ms

=INFO REPORT==== 13-Mar-2012::12:16:57 ===
GET /greeting/profile [newworld] 200 720ms

=INFO REPORT==== 13-Mar-2012::12:16:57 ===
GET /greeting/profile [newworld] 200 725ms

=INFO REPORT==== 13-Mar-2012::12:16:57 ===
GET /greeting/profile [newworld] 200 721ms

=INFO REPORT==== 13-Mar-2012::12:16:57 ===
GET /greeting/profile [newworld] 200 718ms

=INFO REPORT==== 13-Mar-2012::12:16:57 ===
GET /greeting/profile [newworld] 200 700ms

=INFO REPORT==== 13-Mar-2012::12:16:57 ===
GET /greeting/profile [newworld] 200 709ms

=INFO REPORT==== 13-Mar-2012::12:16:57 ===
GET /greeting/profile [newworld] 200 718ms

=INFO REPORT==== 13-Mar-2012::12:16:57 ===
GET /greeting/profile [newworld] 200 712ms

=INFO REPORT==== 13-Mar-2012::12:16:57 ===
GET /greeting/profile [newworld] 200 708ms

=INFO REPORT==== 13-Mar-2012::12:16:57 ===
GET /greeting/profile [newworld] 200 709ms

=INFO REPORT==== 13-Mar-2012::12:16:57 ===
GET /greeting/profile [newworld] 200 706ms

=INFO REPORT==== 13-Mar-2012::12:16:57 ===
GET /greeting/profile [newworld] 200 698ms

=INFO REPORT==== 13-Mar-2012::12:16:57 ===
GET /greeting/profile [newworld] 200 690ms

=INFO REPORT==== 13-Mar-2012::12:16:57 ===
GET /greeting/profile [newworld] 200 677ms

=INFO REPORT==== 13-Mar-2012::12:16:57 ===
GET /greeting/profile [newworld] 200 675ms

=INFO REPORT==== 13-Mar-2012::12:16:57 ===
GET /greeting/profile [newworld] 200 673ms

=INFO REPORT==== 13-Mar-2012::12:16:57 ===
GET /greeting/profile [newworld] 200 666ms

=INFO REPORT==== 13-Mar-2012::12:16:57 ===
GET /greeting/profile [newworld] 200 658ms

=INFO REPORT==== 13-Mar-2012::12:16:57 ===
GET /greeting/profile [newworld] 200 655ms

=INFO REPORT==== 13-Mar-2012::12:16:57 ===
GET /greeting/profile [newworld] 200 653ms

=INFO REPORT==== 13-Mar-2012::12:16:57 ===
GET /greeting/profile [newworld] 200 649ms

=INFO REPORT==== 13-Mar-2012::12:16:57 ===
GET /greeting/profile [newworld] 200 645ms

=INFO REPORT==== 13-Mar-2012::12:16:57 ===
GET /greeting/profile [newworld] 200 636ms

=INFO REPORT==== 13-Mar-2012::12:16:57 ===
GET /greeting/profile [newworld] 200 630ms

=INFO REPORT==== 13-Mar-2012::12:16:57 ===
GET /greeting/profile [newworld] 200 628ms

=INFO REPORT==== 13-Mar-2012::12:16:57 ===
GET /greeting/profile [newworld] 200 624ms

=INFO REPORT==== 13-Mar-2012::12:16:57 ===
GET /greeting/profile [newworld] 200 620ms

=INFO REPORT==== 13-Mar-2012::12:16:57 ===
GET /greeting/profile [newworld] 200 617ms

=INFO REPORT==== 13-Mar-2012::12:16:57 ===
GET /greeting/profile [newworld] 200 615ms

=INFO REPORT==== 13-Mar-2012::12:16:57 ===
GET /greeting/profile [newworld] 200 615ms

=INFO REPORT==== 13-Mar-2012::12:16:57 ===
GET /greeting/profile [newworld] 200 612ms

=INFO REPORT==== 13-Mar-2012::12:16:57 ===
GET /greeting/profile [newworld] 200 607ms

=INFO REPORT==== 13-Mar-2012::12:16:57 ===
GET /greeting/profile [newworld] 200 598ms

=INFO REPORT==== 13-Mar-2012::12:16:57 ===
GET /greeting/profile [newworld] 200 586ms

=INFO REPORT==== 13-Mar-2012::12:16:57 ===
GET /greeting/profile [newworld] 200 574ms

=INFO REPORT==== 13-Mar-2012::12:16:57 ===
GET /greeting/profile [newworld] 200 563ms

=INFO REPORT==== 13-Mar-2012::12:16:57 ===
GET /greeting/profile [newworld] 200 556ms

=INFO REPORT==== 13-Mar-2012::12:16:57 ===
GET /greeting/profile [newworld] 200 551ms

=INFO REPORT==== 13-Mar-2012::12:16:57 ===
GET /greeting/profile [newworld] 200 553ms

=INFO REPORT==== 13-Mar-2012::12:16:57 ===
GET /greeting/profile [newworld] 200 544ms

=INFO REPORT==== 13-Mar-2012::12:16:57 ===
GET /greeting/profile [newworld] 200 535ms

=INFO REPORT==== 13-Mar-2012::12:16:57 ===
GET /greeting/profile [newworld] 200 519ms

=INFO REPORT==== 13-Mar-2012::12:16:57 ===
GET /greeting/profile [newworld] 200 357ms

=INFO REPORT==== 13-Mar-2012::12:16:57 ===
GET /greeting/profile [newworld] 200 181ms

=INFO REPORT==== 13-Mar-2012::12:16:57 ===
GET /greeting/profile [newworld] 200 178ms

=INFO REPORT==== 13-Mar-2012::12:16:57 ===
GET /greeting/profile [newworld] 200 177ms

=INFO REPORT==== 13-Mar-2012::12:16:57 ===
GET /greeting/profile [newworld] 200 178ms

=INFO REPORT==== 13-Mar-2012::12:16:57 ===
GET /greeting/profile [newworld] 200 179ms

=INFO REPORT==== 13-Mar-2012::12:16:57 ===
GET /greeting/profile [newworld] 200 177ms

=INFO REPORT==== 13-Mar-2012::12:16:57 ===
GET /greeting/profile [newworld] 200 169ms

=INFO REPORT==== 13-Mar-2012::12:16:57 ===
GET /greeting/profile [newworld] 200 173ms

=INFO REPORT==== 13-Mar-2012::12:16:57 ===
GET /greeting/profile [newworld] 200 172ms

=INFO REPORT==== 13-Mar-2012::12:16:57 ===
GET /greeting/profile [newworld] 200 162ms

=INFO REPORT==== 13-Mar-2012::12:16:57 ===
GET /greeting/profile [newworld] 200 162ms

=INFO REPORT==== 13-Mar-2012::12:16:57 ===
GET /greeting/profile [newworld] 200 157ms

=INFO REPORT==== 13-Mar-2012::12:16:57 ===
GET /greeting/profile [newworld] 200 163ms

=INFO REPORT==== 13-Mar-2012::12:16:57 ===
GET /greeting/profile [newworld] 200 159ms

=INFO REPORT==== 13-Mar-2012::12:16:57 ===
GET /greeting/profile [newworld] 200 170ms

=INFO REPORT==== 13-Mar-2012::12:16:57 ===
GET /greeting/profile [newworld] 200 175ms

=INFO REPORT==== 13-Mar-2012::12:16:57 ===
GET /greeting/profile [newworld] 200 166ms

=INFO REPORT==== 13-Mar-2012::12:16:57 ===
GET /greeting/profile [newworld] 200 156ms

=INFO REPORT==== 13-Mar-2012::12:16:57 ===
GET /greeting/profile [newworld] 200 154ms

=INFO REPORT==== 13-Mar-2012::12:16:57 ===
GET /greeting/profile [newworld] 200 154ms

=INFO REPORT==== 13-Mar-2012::12:16:57 ===
GET /greeting/profile [newworld] 200 158ms

=INFO REPORT==== 13-Mar-2012::12:16:57 ===
GET /greeting/profile [newworld] 200 162ms

=INFO REPORT==== 13-Mar-2012::12:16:57 ===
GET /greeting/profile [newworld] 200 162ms

=INFO REPORT==== 13-Mar-2012::12:16:57 ===
GET /greeting/profile [newworld] 200 163ms

=INFO REPORT==== 13-Mar-2012::12:16:57 ===
GET /greeting/profile [newworld] 200 488ms

=INFO REPORT==== 13-Mar-2012::12:16:57 ===
GET /greeting/profile [newworld] 200 510ms

=INFO REPORT==== 13-Mar-2012::12:16:57 ===
GET /greeting/profile [newworld] 200 518ms

=INFO REPORT==== 13-Mar-2012::12:16:57 ===
GET /greeting/profile [newworld] 200 521ms

=INFO REPORT==== 13-Mar-2012::12:16:57 ===
GET /greeting/profile [newworld] 200 523ms

=INFO REPORT==== 13-Mar-2012::12:16:57 ===
GET /greeting/profile [newworld] 200 528ms

=INFO REPORT==== 13-Mar-2012::12:16:57 ===
GET /greeting/profile [newworld] 200 530ms

=INFO REPORT==== 13-Mar-2012::12:16:57 ===
GET /greeting/profile [newworld] 200 529ms

=INFO REPORT==== 13-Mar-2012::12:16:57 ===
GET /greeting/profile [newworld] 200 537ms

=INFO REPORT==== 13-Mar-2012::12:16:57 ===
GET /greeting/profile [newworld] 200 546ms

=INFO REPORT==== 13-Mar-2012::12:16:57 ===
GET /greeting/profile [newworld] 200 557ms

=INFO REPORT==== 13-Mar-2012::12:16:57 ===
GET /greeting/profile [newworld] 200 564ms

=INFO REPORT==== 13-Mar-2012::12:16:57 ===
GET /greeting/profile [newworld] 200 573ms

=INFO REPORT==== 13-Mar-2012::12:16:57 ===
GET /greeting/profile [newworld] 200 588ms

=INFO REPORT==== 13-Mar-2012::12:16:58 ===
GET /greeting/profile [newworld] 200 595ms

=INFO REPORT==== 13-Mar-2012::12:16:58 ===
GET /greeting/profile [newworld] 200 601ms

=INFO REPORT==== 13-Mar-2012::12:16:58 ===
GET /greeting/profile [newworld] 200 619ms

=INFO REPORT==== 13-Mar-2012::12:16:58 ===
GET /greeting/profile [newworld] 200 621ms

=INFO REPORT==== 13-Mar-2012::12:16:58 ===
GET /greeting/profile [newworld] 200 622ms

=INFO REPORT==== 13-Mar-2012::12:16:58 ===
GET /greeting/profile [newworld] 200 625ms

=INFO REPORT==== 13-Mar-2012::12:16:58 ===
GET /greeting/profile [newworld] 200 625ms

=INFO REPORT==== 13-Mar-2012::12:16:58 ===
GET /greeting/profile [newworld] 200 625ms

=INFO REPORT==== 13-Mar-2012::12:16:58 ===
GET /greeting/profile [newworld] 200 633ms

=INFO REPORT==== 13-Mar-2012::12:16:58 ===
GET /greeting/profile [newworld] 200 638ms

=INFO REPORT==== 13-Mar-2012::12:16:58 ===
GET /greeting/profile [newworld] 200 644ms

=INFO REPORT==== 13-Mar-2012::12:16:58 ===
GET /greeting/profile [newworld] 200 651ms

=INFO REPORT==== 13-Mar-2012::12:16:58 ===
GET /greeting/profile [newworld] 200 662ms

=INFO REPORT==== 13-Mar-2012::12:16:58 ===
GET /greeting/profile [newworld] 200 662ms

=INFO REPORT==== 13-Mar-2012::12:16:58 ===
GET /greeting/profile [newworld] 200 665ms

=INFO REPORT==== 13-Mar-2012::12:16:58 ===
GET /greeting/profile [newworld] 200 673ms

=INFO REPORT==== 13-Mar-2012::12:16:58 ===
GET /greeting/profile [newworld] 200 681ms

=INFO REPORT==== 13-Mar-2012::12:16:58 ===
GET /greeting/profile [newworld] 200 680ms

=INFO REPORT==== 13-Mar-2012::12:16:58 ===
GET /greeting/profile [newworld] 200 682ms

=INFO REPORT==== 13-Mar-2012::12:16:58 ===
GET /greeting/profile [newworld] 200 690ms

=INFO REPORT==== 13-Mar-2012::12:16:58 ===
GET /greeting/profile [newworld] 200 692ms

=INFO REPORT==== 13-Mar-2012::12:16:58 ===
GET /greeting/profile [newworld] 200 696ms

=INFO REPORT==== 13-Mar-2012::12:16:58 ===
GET /greeting/profile [newworld] 200 703ms

=INFO REPORT==== 13-Mar-2012::12:16:58 ===
GET /greeting/profile [newworld] 200 710ms

=INFO REPORT==== 13-Mar-2012::12:16:58 ===
GET /greeting/profile [newworld] 200 712ms

=INFO REPORT==== 13-Mar-2012::12:16:58 ===
GET /greeting/profile [newworld] 200 704ms

=INFO REPORT==== 13-Mar-2012::12:16:58 ===
GET /greeting/profile [newworld] 200 709ms

=INFO REPORT==== 13-Mar-2012::12:16:58 ===
GET /greeting/profile [newworld] 200 713ms

=INFO REPORT==== 13-Mar-2012::12:16:58 ===
GET /greeting/profile [newworld] 200 716ms

=INFO REPORT==== 13-Mar-2012::12:16:58 ===
GET /greeting/profile [newworld] 200 718ms

=INFO REPORT==== 13-Mar-2012::12:16:58 ===
GET /greeting/profile [newworld] 200 717ms

=INFO REPORT==== 13-Mar-2012::12:16:58 ===
GET /greeting/profile [newworld] 200 718ms

=INFO REPORT==== 13-Mar-2012::12:16:58 ===
GET /greeting/profile [newworld] 200 717ms

=INFO REPORT==== 13-Mar-2012::12:16:58 ===
GET /greeting/profile [newworld] 200 720ms

=INFO REPORT==== 13-Mar-2012::12:16:58 ===
GET /greeting/profile [newworld] 200 709ms

=INFO REPORT==== 13-Mar-2012::12:16:58 ===
GET /greeting/profile [newworld] 200 711ms

=INFO REPORT==== 13-Mar-2012::12:16:58 ===
GET /greeting/profile [newworld] 200 711ms

=INFO REPORT==== 13-Mar-2012::12:16:58 ===
GET /greeting/profile [newworld] 200 713ms

=INFO REPORT==== 13-Mar-2012::12:16:58 ===
GET /greeting/profile [newworld] 200 714ms

=INFO REPORT==== 13-Mar-2012::12:16:58 ===
GET /greeting/profile [newworld] 200 717ms

=INFO REPORT==== 13-Mar-2012::12:16:58 ===
GET /greeting/profile [newworld] 200 718ms

=INFO REPORT==== 13-Mar-2012::12:16:58 ===
GET /greeting/profile [newworld] 200 720ms

=INFO REPORT==== 13-Mar-2012::12:16:58 ===
GET /greeting/profile [newworld] 200 719ms

=INFO REPORT==== 13-Mar-2012::12:16:58 ===
GET /greeting/profile [newworld] 200 720ms

=INFO REPORT==== 13-Mar-2012::12:16:58 ===
GET /greeting/profile [newworld] 200 722ms

=INFO REPORT==== 13-Mar-2012::12:16:58 ===
GET /greeting/profile [newworld] 200 725ms

=INFO REPORT==== 13-Mar-2012::12:16:58 ===
GET /greeting/profile [newworld] 200 743ms

=INFO REPORT==== 13-Mar-2012::12:16:58 ===
GET /greeting/profile [newworld] 200 744ms

=INFO REPORT==== 13-Mar-2012::12:16:58 ===
GET /greeting/profile [newworld] 200 739ms

=INFO REPORT==== 13-Mar-2012::12:16:58 ===
GET /greeting/profile [newworld] 200 743ms

=INFO REPORT==== 13-Mar-2012::12:16:58 ===
GET /greeting/profile [newworld] 200 735ms

=INFO REPORT==== 13-Mar-2012::12:16:58 ===
GET /greeting/profile [newworld] 200 734ms

=INFO REPORT==== 13-Mar-2012::12:16:58 ===
GET /greeting/profile [newworld] 200 728ms

=INFO REPORT==== 13-Mar-2012::12:16:58 ===
GET /greeting/profile [newworld] 200 723ms

=INFO REPORT==== 13-Mar-2012::12:16:58 ===
GET /greeting/profile [newworld] 200 721ms

=INFO REPORT==== 13-Mar-2012::12:16:58 ===
GET /greeting/profile [newworld] 200 711ms

=INFO REPORT==== 13-Mar-2012::12:16:58 ===
GET /greeting/profile [newworld] 200 699ms

=INFO REPORT==== 13-Mar-2012::12:16:58 ===
GET /greeting/profile [newworld] 200 693ms

=INFO REPORT==== 13-Mar-2012::12:16:58 ===
GET /greeting/profile [newworld] 200 690ms

=INFO REPORT==== 13-Mar-2012::12:16:58 ===
GET /greeting/profile [newworld] 200 686ms

=INFO REPORT==== 13-Mar-2012::12:16:58 ===
GET /greeting/profile [newworld] 200 685ms

=INFO REPORT==== 13-Mar-2012::12:16:58 ===
GET /greeting/profile [newworld] 200 679ms

=INFO REPORT==== 13-Mar-2012::12:16:58 ===
GET /greeting/profile [newworld] 200 671ms

=INFO REPORT==== 13-Mar-2012::12:16:58 ===
GET /greeting/profile [newworld] 200 674ms

=INFO REPORT==== 13-Mar-2012::12:16:58 ===
GET /greeting/profile [newworld] 200 671ms

=INFO REPORT==== 13-Mar-2012::12:16:58 ===
GET /greeting/profile [newworld] 200 671ms

=INFO REPORT==== 13-Mar-2012::12:16:58 ===
GET /greeting/profile [newworld] 200 667ms

=INFO REPORT==== 13-Mar-2012::12:16:58 ===
GET /greeting/profile [newworld] 200 666ms

=INFO REPORT==== 13-Mar-2012::12:16:58 ===
GET /greeting/profile [newworld] 200 656ms

=INFO REPORT==== 13-Mar-2012::12:16:58 ===
GET /greeting/profile [newworld] 200 646ms

=INFO REPORT==== 13-Mar-2012::12:16:58 ===
GET /greeting/profile [newworld] 200 638ms

=INFO REPORT==== 13-Mar-2012::12:16:58 ===
GET /greeting/profile [newworld] 200 634ms

=INFO REPORT==== 13-Mar-2012::12:16:58 ===
GET /greeting/profile [newworld] 200 630ms

=INFO REPORT==== 13-Mar-2012::12:16:58 ===
GET /greeting/profile [newworld] 200 628ms

=INFO REPORT==== 13-Mar-2012::12:16:58 ===
GET /greeting/profile [newworld] 200 618ms

=INFO REPORT==== 13-Mar-2012::12:16:58 ===
GET /greeting/profile [newworld] 200 612ms

=INFO REPORT==== 13-Mar-2012::12:16:58 ===
GET /greeting/profile [newworld] 200 607ms

=INFO REPORT==== 13-Mar-2012::12:16:58 ===
GET /greeting/profile [newworld] 200 609ms

=INFO REPORT==== 13-Mar-2012::12:16:58 ===
GET /greeting/profile [newworld] 200 605ms

=INFO REPORT==== 13-Mar-2012::12:16:58 ===
GET /greeting/profile [newworld] 200 593ms

=INFO REPORT==== 13-Mar-2012::12:16:58 ===
GET /greeting/profile [newworld] 200 575ms

=INFO REPORT==== 13-Mar-2012::12:16:58 ===
GET /greeting/profile [newworld] 200 567ms

=INFO REPORT==== 13-Mar-2012::12:16:58 ===
GET /greeting/profile [newworld] 200 558ms

=INFO REPORT==== 13-Mar-2012::12:16:58 ===
GET /greeting/profile [newworld] 200 507ms

=INFO REPORT==== 13-Mar-2012::12:16:58 ===
GET /greeting/profile [newworld] 200 492ms

=INFO REPORT==== 13-Mar-2012::12:16:58 ===
GET /greeting/profile [newworld] 200 491ms

=INFO REPORT==== 13-Mar-2012::12:16:58 ===
GET /greeting/profile [newworld] 200 207ms

=INFO REPORT==== 13-Mar-2012::12:16:58 ===
GET /greeting/profile [newworld] 200 201ms

=INFO REPORT==== 13-Mar-2012::12:16:58 ===
GET /greeting/profile [newworld] 200 217ms

=INFO REPORT==== 13-Mar-2012::12:16:58 ===
GET /greeting/profile [newworld] 200 213ms

=INFO REPORT==== 13-Mar-2012::12:16:58 ===
GET /greeting/profile [newworld] 200 213ms

=INFO REPORT==== 13-Mar-2012::12:16:58 ===
GET /greeting/profile [newworld] 200 210ms

=INFO REPORT==== 13-Mar-2012::12:16:58 ===
GET /greeting/profile [newworld] 200 197ms

=INFO REPORT==== 13-Mar-2012::12:16:58 ===
GET /greeting/profile [newworld] 200 193ms

=INFO REPORT==== 13-Mar-2012::12:16:58 ===
GET /greeting/profile [newworld] 200 183ms

=INFO REPORT==== 13-Mar-2012::12:16:58 ===
GET /greeting/profile [newworld] 200 180ms

=INFO REPORT==== 13-Mar-2012::12:16:58 ===
GET /greeting/profile [newworld] 200 178ms

=INFO REPORT==== 13-Mar-2012::12:16:58 ===
GET /greeting/profile [newworld] 200 176ms

=INFO REPORT==== 13-Mar-2012::12:16:58 ===
GET /greeting/profile [newworld] 200 172ms

=INFO REPORT==== 13-Mar-2012::12:16:58 ===
GET /greeting/profile [newworld] 200 165ms

=INFO REPORT==== 13-Mar-2012::12:16:58 ===
GET /greeting/profile [newworld] 200 164ms

=INFO REPORT==== 13-Mar-2012::12:16:58 ===
GET /greeting/profile [newworld] 200 166ms

=INFO REPORT==== 13-Mar-2012::12:16:58 ===
GET /greeting/profile [newworld] 200 178ms

=INFO REPORT==== 13-Mar-2012::12:16:58 ===
GET /greeting/profile [newworld] 200 178ms

=INFO REPORT==== 13-Mar-2012::12:16:58 ===
GET /greeting/profile [newworld] 200 183ms

=INFO REPORT==== 13-Mar-2012::12:16:58 ===
GET /greeting/profile [newworld] 200 190ms

=INFO REPORT==== 13-Mar-2012::12:16:58 ===
GET /greeting/profile [newworld] 200 198ms

=INFO REPORT==== 13-Mar-2012::12:16:58 ===
GET /greeting/profile [newworld] 200 206ms

=INFO REPORT==== 13-Mar-2012::12:16:58 ===
GET /greeting/profile [newworld] 200 207ms

=INFO REPORT==== 13-Mar-2012::12:16:58 ===
GET /greeting/profile [newworld] 200 386ms

=INFO REPORT==== 13-Mar-2012::12:16:58 ===
GET /greeting/profile [newworld] 200 392ms

=INFO REPORT==== 13-Mar-2012::12:16:58 ===
GET /greeting/profile [newworld] 200 440ms

=INFO REPORT==== 13-Mar-2012::12:16:58 ===
GET /greeting/profile [newworld] 200 424ms

=INFO REPORT==== 13-Mar-2012::12:16:58 ===
GET /greeting/profile [newworld] 200 424ms

=INFO REPORT==== 13-Mar-2012::12:16:58 ===
GET /greeting/profile [newworld] 200 413ms

=INFO REPORT==== 13-Mar-2012::12:16:58 ===
GET /greeting/profile [newworld] 200 428ms

=INFO REPORT==== 13-Mar-2012::12:16:58 ===
GET /greeting/profile [newworld] 200 466ms

=INFO REPORT==== 13-Mar-2012::12:16:58 ===
GET /greeting/profile [newworld] 200 467ms

=INFO REPORT==== 13-Mar-2012::12:16:58 ===
GET /greeting/profile [newworld] 200 477ms

=INFO REPORT==== 13-Mar-2012::12:16:58 ===
GET /greeting/profile [newworld] 200 487ms

=INFO REPORT==== 13-Mar-2012::12:16:59 ===
GET /greeting/profile [newworld] 200 491ms

=INFO REPORT==== 13-Mar-2012::12:16:59 ===
GET /greeting/profile [newworld] 200 502ms

=INFO REPORT==== 13-Mar-2012::12:16:59 ===
GET /greeting/profile [newworld] 200 512ms

=INFO REPORT==== 13-Mar-2012::12:16:59 ===
GET /greeting/profile [newworld] 200 516ms

=INFO REPORT==== 13-Mar-2012::12:16:59 ===
GET /greeting/profile [newworld] 200 523ms

=INFO REPORT==== 13-Mar-2012::12:16:59 ===
GET /greeting/profile [newworld] 200 528ms

=INFO REPORT==== 13-Mar-2012::12:16:59 ===
GET /greeting/profile [newworld] 200 534ms

=INFO REPORT==== 13-Mar-2012::12:16:59 ===
GET /greeting/profile [newworld] 200 548ms

=INFO REPORT==== 13-Mar-2012::12:16:59 ===
GET /greeting/profile [newworld] 200 562ms

=INFO REPORT==== 13-Mar-2012::12:16:59 ===
GET /greeting/profile [newworld] 200 572ms

=INFO REPORT==== 13-Mar-2012::12:16:59 ===
GET /greeting/profile [newworld] 200 581ms

=INFO REPORT==== 13-Mar-2012::12:16:59 ===
GET /greeting/profile [newworld] 200 583ms

=INFO REPORT==== 13-Mar-2012::12:16:59 ===
GET /greeting/profile [newworld] 200 584ms

=INFO REPORT==== 13-Mar-2012::12:16:59 ===
GET /greeting/profile [newworld] 200 581ms

=INFO REPORT==== 13-Mar-2012::12:16:59 ===
GET /greeting/profile [newworld] 200 577ms

=INFO REPORT==== 13-Mar-2012::12:16:59 ===
GET /greeting/profile [newworld] 200 578ms

=INFO REPORT==== 13-Mar-2012::12:16:59 ===
GET /greeting/profile [newworld] 200 612ms

=INFO REPORT==== 13-Mar-2012::12:16:59 ===
GET /greeting/profile [newworld] 200 622ms

=INFO REPORT==== 13-Mar-2012::12:16:59 ===
GET /greeting/profile [newworld] 200 625ms

=INFO REPORT==== 13-Mar-2012::12:16:59 ===
GET /greeting/profile [newworld] 200 632ms

=INFO REPORT==== 13-Mar-2012::12:16:59 ===
GET /greeting/profile [newworld] 200 637ms

=INFO REPORT==== 13-Mar-2012::12:16:59 ===
GET /greeting/profile [newworld] 200 646ms

=INFO REPORT==== 13-Mar-2012::12:16:59 ===
GET /greeting/profile [newworld] 200 655ms

=INFO REPORT==== 13-Mar-2012::12:16:59 ===
GET /greeting/profile [newworld] 200 663ms

=INFO REPORT==== 13-Mar-2012::12:16:59 ===
GET /greeting/profile [newworld] 200 672ms

=INFO REPORT==== 13-Mar-2012::12:16:59 ===
GET /greeting/profile [newworld] 200 675ms

=INFO REPORT==== 13-Mar-2012::12:16:59 ===
GET /greeting/profile [newworld] 200 685ms

=INFO REPORT==== 13-Mar-2012::12:16:59 ===
GET /greeting/profile [newworld] 200 693ms

=INFO REPORT==== 13-Mar-2012::12:16:59 ===
GET /greeting/profile [newworld] 200 701ms

=INFO REPORT==== 13-Mar-2012::12:16:59 ===
GET /greeting/profile [newworld] 200 668ms

=INFO REPORT==== 13-Mar-2012::12:16:59 ===
GET /greeting/profile [newworld] 200 682ms

=INFO REPORT==== 13-Mar-2012::12:16:59 ===
GET /greeting/profile [newworld] 200 688ms

=INFO REPORT==== 13-Mar-2012::12:16:59 ===
GET /greeting/profile [newworld] 200 697ms

=INFO REPORT==== 13-Mar-2012::12:16:59 ===
GET /greeting/profile [newworld] 200 696ms

=INFO REPORT==== 13-Mar-2012::12:16:59 ===
GET /greeting/profile [newworld] 200 697ms

=INFO REPORT==== 13-Mar-2012::12:16:59 ===
GET /greeting/profile [newworld] 200 694ms

=INFO REPORT==== 13-Mar-2012::12:16:59 ===
GET /greeting/profile [newworld] 200 692ms

=INFO REPORT==== 13-Mar-2012::12:16:59 ===
GET /greeting/profile [newworld] 200 693ms

=INFO REPORT==== 13-Mar-2012::12:16:59 ===
GET /greeting/profile [newworld] 200 724ms

=INFO REPORT==== 13-Mar-2012::12:16:59 ===
GET /greeting/profile [newworld] 200 737ms

=INFO REPORT==== 13-Mar-2012::12:16:59 ===
GET /greeting/profile [newworld] 200 740ms

=INFO REPORT==== 13-Mar-2012::12:16:59 ===
GET /greeting/profile [newworld] 200 744ms

=INFO REPORT==== 13-Mar-2012::12:16:59 ===
GET /greeting/profile [newworld] 200 745ms

=INFO REPORT==== 13-Mar-2012::12:16:59 ===
GET /greeting/profile [newworld] 200 748ms

=INFO REPORT==== 13-Mar-2012::12:16:59 ===
GET /greeting/profile [newworld] 200 751ms

=INFO REPORT==== 13-Mar-2012::12:16:59 ===
GET /greeting/profile [newworld] 200 754ms

=INFO REPORT==== 13-Mar-2012::12:16:59 ===
GET /greeting/profile [newworld] 200 754ms

=INFO REPORT==== 13-Mar-2012::12:16:59 ===
GET /greeting/profile [newworld] 200 756ms

=INFO REPORT==== 13-Mar-2012::12:16:59 ===
GET /greeting/profile [newworld] 200 755ms

=INFO REPORT==== 13-Mar-2012::12:16:59 ===
GET /greeting/profile [newworld] 200 775ms

=INFO REPORT==== 13-Mar-2012::12:16:59 ===
GET /greeting/profile [newworld] 200 758ms

=INFO REPORT==== 13-Mar-2012::12:16:59 ===
GET /greeting/profile [newworld] 200 758ms

=INFO REPORT==== 13-Mar-2012::12:16:59 ===
GET /greeting/profile [newworld] 200 777ms

=INFO REPORT==== 13-Mar-2012::12:16:59 ===
GET /greeting/profile [newworld] 200 771ms

=INFO REPORT==== 13-Mar-2012::12:16:59 ===
GET /greeting/profile [newworld] 200 767ms

=INFO REPORT==== 13-Mar-2012::12:16:59 ===
GET /greeting/profile [newworld] 200 766ms

=INFO REPORT==== 13-Mar-2012::12:16:59 ===
GET /greeting/profile [newworld] 200 764ms

=INFO REPORT==== 13-Mar-2012::12:16:59 ===
GET /greeting/profile [newworld] 200 774ms

=INFO REPORT==== 13-Mar-2012::12:16:59 ===
GET /greeting/profile [newworld] 200 775ms

=INFO REPORT==== 13-Mar-2012::12:16:59 ===
GET /greeting/profile [newworld] 200 784ms

=INFO REPORT==== 13-Mar-2012::12:16:59 ===
GET /greeting/profile [newworld] 200 784ms

=INFO REPORT==== 13-Mar-2012::12:16:59 ===
GET /greeting/profile [newworld] 200 782ms

=INFO REPORT==== 13-Mar-2012::12:16:59 ===
GET /greeting/profile [newworld] 200 782ms

=INFO REPORT==== 13-Mar-2012::12:16:59 ===
GET /greeting/profile [newworld] 200 782ms

=INFO REPORT==== 13-Mar-2012::12:16:59 ===
GET /greeting/profile [newworld] 200 777ms

=INFO REPORT==== 13-Mar-2012::12:16:59 ===
GET /greeting/profile [newworld] 200 770ms

=INFO REPORT==== 13-Mar-2012::12:16:59 ===
GET /greeting/profile [newworld] 200 764ms

=INFO REPORT==== 13-Mar-2012::12:16:59 ===
GET /greeting/profile [newworld] 200 762ms

=INFO REPORT==== 13-Mar-2012::12:16:59 ===
GET /greeting/profile [newworld] 200 757ms

=INFO REPORT==== 13-Mar-2012::12:16:59 ===
GET /greeting/profile [newworld] 200 754ms

=INFO REPORT==== 13-Mar-2012::12:16:59 ===
GET /greeting/profile [newworld] 200 750ms

=INFO REPORT==== 13-Mar-2012::12:16:59 ===
GET /greeting/profile [newworld] 200 740ms

=INFO REPORT==== 13-Mar-2012::12:16:59 ===
GET /greeting/profile [newworld] 200 737ms

=INFO REPORT==== 13-Mar-2012::12:16:59 ===
GET /greeting/profile [newworld] 200 735ms

=INFO REPORT==== 13-Mar-2012::12:16:59 ===
GET /greeting/profile [newworld] 200 735ms

=INFO REPORT==== 13-Mar-2012::12:16:59 ===
GET /greeting/profile [newworld] 200 733ms

=INFO REPORT==== 13-Mar-2012::12:16:59 ===
GET /greeting/profile [newworld] 200 730ms

=INFO REPORT==== 13-Mar-2012::12:16:59 ===
GET /greeting/profile [newworld] 200 728ms

=INFO REPORT==== 13-Mar-2012::12:16:59 ===
GET /greeting/profile [newworld] 200 726ms

=INFO REPORT==== 13-Mar-2012::12:16:59 ===
GET /greeting/profile [newworld] 200 696ms

=INFO REPORT==== 13-Mar-2012::12:16:59 ===
GET /greeting/profile [newworld] 200 692ms

=INFO REPORT==== 13-Mar-2012::12:16:59 ===
GET /greeting/profile [newworld] 200 686ms

=INFO REPORT==== 13-Mar-2012::12:16:59 ===
GET /greeting/profile [newworld] 200 680ms

=INFO REPORT==== 13-Mar-2012::12:16:59 ===
GET /greeting/profile [newworld] 200 675ms

=INFO REPORT==== 13-Mar-2012::12:16:59 ===
GET /greeting/profile [newworld] 200 663ms

=INFO REPORT==== 13-Mar-2012::12:16:59 ===
GET /greeting/profile [newworld] 200 646ms

=INFO REPORT==== 13-Mar-2012::12:16:59 ===
GET /greeting/profile [newworld] 200 638ms

=INFO REPORT==== 13-Mar-2012::12:16:59 ===
GET /greeting/profile [newworld] 200 630ms

=INFO REPORT==== 13-Mar-2012::12:16:59 ===
GET /greeting/profile [newworld] 200 628ms

=INFO REPORT==== 13-Mar-2012::12:16:59 ===
GET /greeting/profile [newworld] 200 452ms

=INFO REPORT==== 13-Mar-2012::12:16:59 ===
GET /greeting/profile [newworld] 200 439ms

=INFO REPORT==== 13-Mar-2012::12:16:59 ===
GET /greeting/profile [newworld] 200 432ms

=INFO REPORT==== 13-Mar-2012::12:16:59 ===
GET /greeting/profile [newworld] 200 422ms

=INFO REPORT==== 13-Mar-2012::12:16:59 ===
GET /greeting/profile [newworld] 200 411ms

=INFO REPORT==== 13-Mar-2012::12:16:59 ===
GET /greeting/profile [newworld] 200 400ms

=INFO REPORT==== 13-Mar-2012::12:16:59 ===
GET /greeting/profile [newworld] 200 285ms

=INFO REPORT==== 13-Mar-2012::12:16:59 ===
GET /greeting/profile [newworld] 200 283ms

=INFO REPORT==== 13-Mar-2012::12:16:59 ===
GET /greeting/profile [newworld] 200 282ms

=INFO REPORT==== 13-Mar-2012::12:16:59 ===
GET /greeting/profile [newworld] 200 282ms

=INFO REPORT==== 13-Mar-2012::12:16:59 ===
GET /greeting/profile [newworld] 200 284ms

=INFO REPORT==== 13-Mar-2012::12:16:59 ===
GET /greeting/profile [newworld] 200 276ms

=INFO REPORT==== 13-Mar-2012::12:16:59 ===
GET /greeting/profile [newworld] 200 276ms

=INFO REPORT==== 13-Mar-2012::12:16:59 ===
GET /greeting/profile [newworld] 200 266ms

=INFO REPORT==== 13-Mar-2012::12:16:59 ===
GET /greeting/profile [newworld] 200 240ms

=INFO REPORT==== 13-Mar-2012::12:16:59 ===
GET /greeting/profile [newworld] 200 221ms

=INFO REPORT==== 13-Mar-2012::12:16:59 ===
GET /greeting/profile [newworld] 200 211ms

=INFO REPORT==== 13-Mar-2012::12:16:59 ===
GET /greeting/profile [newworld] 200 204ms

=INFO REPORT==== 13-Mar-2012::12:16:59 ===
GET /greeting/profile [newworld] 200 191ms

=INFO REPORT==== 13-Mar-2012::12:16:59 ===
GET /greeting/profile [newworld] 200 167ms

=INFO REPORT==== 13-Mar-2012::12:16:59 ===
GET /greeting/profile [newworld] 200 164ms

=INFO REPORT==== 13-Mar-2012::12:16:59 ===
GET /greeting/profile [newworld] 200 162ms

=INFO REPORT==== 13-Mar-2012::12:16:59 ===
GET /greeting/profile [newworld] 200 148ms

=INFO REPORT==== 13-Mar-2012::12:16:59 ===
GET /greeting/profile [newworld] 200 145ms

=INFO REPORT==== 13-Mar-2012::12:16:59 ===
GET /greeting/profile [newworld] 200 150ms

=INFO REPORT==== 13-Mar-2012::12:16:59 ===
GET /greeting/profile [newworld] 200 153ms

=INFO REPORT==== 13-Mar-2012::12:16:59 ===
GET /greeting/profile [newworld] 200 160ms

=INFO REPORT==== 13-Mar-2012::12:16:59 ===
GET /greeting/profile [newworld] 200 156ms

=INFO REPORT==== 13-Mar-2012::12:16:59 ===
GET /greeting/profile [newworld] 200 152ms

=INFO REPORT==== 13-Mar-2012::12:16:59 ===
GET /greeting/profile [newworld] 200 156ms

=INFO REPORT==== 13-Mar-2012::12:16:59 ===
GET /greeting/profile [newworld] 200 155ms

=INFO REPORT==== 13-Mar-2012::12:16:59 ===
GET /greeting/profile [newworld] 200 162ms

=INFO REPORT==== 13-Mar-2012::12:16:59 ===
GET /greeting/profile [newworld] 200 172ms

=INFO REPORT==== 13-Mar-2012::12:16:59 ===
GET /greeting/profile [newworld] 200 323ms

=INFO REPORT==== 13-Mar-2012::12:16:59 ===
GET /greeting/profile [newworld] 200 328ms

=INFO REPORT==== 13-Mar-2012::12:16:59 ===
GET /greeting/profile [newworld] 200 351ms

=INFO REPORT==== 13-Mar-2012::12:17:00 ===
GET /greeting/profile [newworld] 200 387ms

=INFO REPORT==== 13-Mar-2012::12:17:00 ===
GET /greeting/profile [newworld] 200 396ms

=INFO REPORT==== 13-Mar-2012::12:17:00 ===
GET /greeting/profile [newworld] 200 417ms

=INFO REPORT==== 13-Mar-2012::12:17:00 ===
GET /greeting/profile [newworld] 200 420ms

=INFO REPORT==== 13-Mar-2012::12:17:00 ===
GET /greeting/profile [newworld] 200 418ms

=INFO REPORT==== 13-Mar-2012::12:17:00 ===
GET /greeting/profile [newworld] 200 420ms

=INFO REPORT==== 13-Mar-2012::12:17:00 ===
GET /greeting/profile [newworld] 200 426ms

=INFO REPORT==== 13-Mar-2012::12:17:00 ===
GET /greeting/profile [newworld] 200 437ms

=INFO REPORT==== 13-Mar-2012::12:17:00 ===
GET /greeting/profile [newworld] 200 444ms

=INFO REPORT==== 13-Mar-2012::12:17:00 ===
GET /greeting/profile [newworld] 200 451ms

=INFO REPORT==== 13-Mar-2012::12:17:00 ===
GET /greeting/profile [newworld] 200 459ms

=INFO REPORT==== 13-Mar-2012::12:17:00 ===
GET /greeting/profile [newworld] 200 472ms

=INFO REPORT==== 13-Mar-2012::12:17:00 ===
GET /greeting/profile [newworld] 200 481ms

=INFO REPORT==== 13-Mar-2012::12:17:00 ===
GET /greeting/profile [newworld] 200 482ms

=INFO REPORT==== 13-Mar-2012::12:17:00 ===
GET /greeting/profile [newworld] 200 483ms

=INFO REPORT==== 13-Mar-2012::12:17:00 ===
GET /greeting/profile [newworld] 200 491ms

=INFO REPORT==== 13-Mar-2012::12:17:00 ===
GET /greeting/profile [newworld] 200 473ms

=INFO REPORT==== 13-Mar-2012::12:17:00 ===
GET /greeting/profile [newworld] 200 477ms

=INFO REPORT==== 13-Mar-2012::12:17:00 ===
GET /greeting/profile [newworld] 200 480ms

=INFO REPORT==== 13-Mar-2012::12:17:00 ===
GET /greeting/profile [newworld] 200 483ms

=INFO REPORT==== 13-Mar-2012::12:17:00 ===
GET /greeting/profile [newworld] 200 481ms

=INFO REPORT==== 13-Mar-2012::12:17:00 ===
GET /greeting/profile [newworld] 200 480ms

=INFO REPORT==== 13-Mar-2012::12:17:00 ===
GET /greeting/profile [newworld] 200 492ms

=INFO REPORT==== 13-Mar-2012::12:17:00 ===
GET /greeting/profile [newworld] 200 503ms

=INFO REPORT==== 13-Mar-2012::12:17:00 ===
GET /greeting/profile [newworld] 200 512ms

=INFO REPORT==== 13-Mar-2012::12:17:00 ===
GET /greeting/profile [newworld] 200 522ms

=INFO REPORT==== 13-Mar-2012::12:17:00 ===
GET /greeting/profile [newworld] 200 527ms

=INFO REPORT==== 13-Mar-2012::12:17:00 ===
GET /greeting/profile [newworld] 200 604ms

=INFO REPORT==== 13-Mar-2012::12:17:00 ===
GET /greeting/profile [newworld] 200 609ms

=INFO REPORT==== 13-Mar-2012::12:17:00 ===
GET /greeting/profile [newworld] 200 608ms

=INFO REPORT==== 13-Mar-2012::12:17:00 ===
GET /greeting/profile [newworld] 200 607ms

=INFO REPORT==== 13-Mar-2012::12:17:00 ===
GET /greeting/profile [newworld] 200 605ms

=INFO REPORT==== 13-Mar-2012::12:17:00 ===
GET /greeting/profile [newworld] 200 609ms

=INFO REPORT==== 13-Mar-2012::12:17:00 ===
GET /greeting/profile [newworld] 200 607ms

=INFO REPORT==== 13-Mar-2012::12:17:00 ===
GET /greeting/profile [newworld] 200 623ms

=INFO REPORT==== 13-Mar-2012::12:17:00 ===
GET /greeting/profile [newworld] 200 630ms

=INFO REPORT==== 13-Mar-2012::12:17:00 ===
GET /greeting/profile [newworld] 200 636ms

=INFO REPORT==== 13-Mar-2012::12:17:00 ===
GET /greeting/profile [newworld] 200 642ms

=INFO REPORT==== 13-Mar-2012::12:17:00 ===
GET /greeting/profile [newworld] 200 647ms

=INFO REPORT==== 13-Mar-2012::12:17:00 ===
GET /greeting/profile [newworld] 200 649ms

=INFO REPORT==== 13-Mar-2012::12:17:00 ===
GET /greeting/profile [newworld] 200 652ms

=INFO REPORT==== 13-Mar-2012::12:17:00 ===
GET /greeting/profile [newworld] 200 652ms

=INFO REPORT==== 13-Mar-2012::12:17:00 ===
GET /greeting/profile [newworld] 200 655ms

=INFO REPORT==== 13-Mar-2012::12:17:00 ===
GET /greeting/profile [newworld] 200 659ms

=INFO REPORT==== 13-Mar-2012::12:17:00 ===
GET /greeting/profile [newworld] 200 625ms

=INFO REPORT==== 13-Mar-2012::12:17:00 ===
GET /greeting/profile [newworld] 200 628ms

=INFO REPORT==== 13-Mar-2012::12:17:00 ===
GET /greeting/profile [newworld] 200 631ms

=INFO REPORT==== 13-Mar-2012::12:17:00 ===
GET /greeting/profile [newworld] 200 632ms

=INFO REPORT==== 13-Mar-2012::12:17:00 ===
GET /greeting/profile [newworld] 200 632ms

=INFO REPORT==== 13-Mar-2012::12:17:00 ===
GET /greeting/profile [newworld] 200 638ms

=INFO REPORT==== 13-Mar-2012::12:17:00 ===
GET /greeting/profile [newworld] 200 641ms

=INFO REPORT==== 13-Mar-2012::12:17:00 ===
GET /greeting/profile [newworld] 200 637ms

=INFO REPORT==== 13-Mar-2012::12:17:00 ===
GET /greeting/profile [newworld] 200 644ms

=INFO REPORT==== 13-Mar-2012::12:17:00 ===
GET /greeting/profile [newworld] 200 650ms

=INFO REPORT==== 13-Mar-2012::12:17:00 ===
GET /greeting/profile [newworld] 200 656ms

=INFO REPORT==== 13-Mar-2012::12:17:00 ===
GET /greeting/profile [newworld] 200 659ms

=INFO REPORT==== 13-Mar-2012::12:17:00 ===
GET /greeting/profile [newworld] 200 656ms

=INFO REPORT==== 13-Mar-2012::12:17:00 ===
GET /greeting/profile [newworld] 200 653ms

=INFO REPORT==== 13-Mar-2012::12:17:00 ===
GET /greeting/profile [newworld] 200 655ms

=INFO REPORT==== 13-Mar-2012::12:17:00 ===
GET /greeting/profile [newworld] 200 664ms

=INFO REPORT==== 13-Mar-2012::12:17:00 ===
GET /greeting/profile [newworld] 200 672ms

=INFO REPORT==== 13-Mar-2012::12:17:00 ===
GET /greeting/profile [newworld] 200 681ms

=INFO REPORT==== 13-Mar-2012::12:17:00 ===
GET /greeting/profile [newworld] 200 680ms

=INFO REPORT==== 13-Mar-2012::12:17:00 ===
GET /greeting/profile [newworld] 200 684ms

=INFO REPORT==== 13-Mar-2012::12:17:00 ===
GET /greeting/profile [newworld] 200 679ms

=INFO REPORT==== 13-Mar-2012::12:17:00 ===
GET /greeting/profile [newworld] 200 680ms

=INFO REPORT==== 13-Mar-2012::12:17:00 ===
GET /greeting/profile [newworld] 200 668ms

=INFO REPORT==== 13-Mar-2012::12:17:00 ===
GET /greeting/profile [newworld] 200 664ms

=INFO REPORT==== 13-Mar-2012::12:17:00 ===
GET /greeting/profile [newworld] 200 658ms

=INFO REPORT==== 13-Mar-2012::12:17:00 ===
GET /greeting/profile [newworld] 200 650ms

=INFO REPORT==== 13-Mar-2012::12:17:00 ===
GET /greeting/profile [newworld] 200 649ms

=INFO REPORT==== 13-Mar-2012::12:17:00 ===
GET /greeting/profile [newworld] 200 645ms

=INFO REPORT==== 13-Mar-2012::12:17:00 ===
GET /greeting/profile [newworld] 200 641ms

=INFO REPORT==== 13-Mar-2012::12:17:00 ===
GET /greeting/profile [newworld] 200 640ms

=INFO REPORT==== 13-Mar-2012::12:17:00 ===
GET /greeting/profile [newworld] 200 638ms

=INFO REPORT==== 13-Mar-2012::12:17:00 ===
GET /greeting/profile [newworld] 200 637ms

=INFO REPORT==== 13-Mar-2012::12:17:00 ===
GET /greeting/profile [newworld] 200 636ms

=INFO REPORT==== 13-Mar-2012::12:17:00 ===
GET /greeting/profile [newworld] 200 631ms

=INFO REPORT==== 13-Mar-2012::12:17:00 ===
GET /greeting/profile [newworld] 200 625ms

=INFO REPORT==== 13-Mar-2012::12:17:00 ===
GET /greeting/profile [newworld] 200 613ms

=INFO REPORT==== 13-Mar-2012::12:17:00 ===
GET /greeting/profile [newworld] 200 608ms

=INFO REPORT==== 13-Mar-2012::12:17:00 ===
GET /greeting/profile [newworld] 200 604ms

=INFO REPORT==== 13-Mar-2012::12:17:00 ===
GET /greeting/profile [newworld] 200 597ms

=INFO REPORT==== 13-Mar-2012::12:17:00 ===
GET /greeting/profile [newworld] 200 596ms

=INFO REPORT==== 13-Mar-2012::12:17:00 ===
GET /greeting/profile [newworld] 200 595ms

=INFO REPORT==== 13-Mar-2012::12:17:00 ===
GET /greeting/profile [newworld] 200 593ms

=INFO REPORT==== 13-Mar-2012::12:17:00 ===
GET /greeting/profile [newworld] 200 593ms

=INFO REPORT==== 13-Mar-2012::12:17:00 ===
GET /greeting/profile [newworld] 200 593ms

=INFO REPORT==== 13-Mar-2012::12:17:00 ===
GET /greeting/profile [newworld] 200 590ms

=INFO REPORT==== 13-Mar-2012::12:17:00 ===
GET /greeting/profile [newworld] 200 590ms

=INFO REPORT==== 13-Mar-2012::12:17:00 ===
GET /greeting/profile [newworld] 200 589ms

=INFO REPORT==== 13-Mar-2012::12:17:00 ===
GET /greeting/profile [newworld] 200 581ms

=INFO REPORT==== 13-Mar-2012::12:17:00 ===
GET /greeting/profile [newworld] 200 574ms

=INFO REPORT==== 13-Mar-2012::12:17:00 ===
GET /greeting/profile [newworld] 200 564ms

=INFO REPORT==== 13-Mar-2012::12:17:00 ===
GET /greeting/profile [newworld] 200 554ms

=INFO REPORT==== 13-Mar-2012::12:17:00 ===
GET /greeting/profile [newworld] 200 551ms

=INFO REPORT==== 13-Mar-2012::12:17:00 ===
GET /greeting/profile [newworld] 200 546ms

=INFO REPORT==== 13-Mar-2012::12:17:00 ===
GET /greeting/profile [newworld] 200 353ms

=INFO REPORT==== 13-Mar-2012::12:17:00 ===
GET /greeting/profile [newworld] 200 345ms

=INFO REPORT==== 13-Mar-2012::12:17:00 ===
GET /greeting/profile [newworld] 200 330ms

=INFO REPORT==== 13-Mar-2012::12:17:00 ===
GET /greeting/profile [newworld] 200 322ms

=INFO REPORT==== 13-Mar-2012::12:17:00 ===
GET /greeting/profile [newworld] 200 309ms

=INFO REPORT==== 13-Mar-2012::12:17:00 ===
GET /greeting/profile [newworld] 200 301ms

=INFO REPORT==== 13-Mar-2012::12:17:00 ===
GET /greeting/profile [newworld] 200 296ms

=INFO REPORT==== 13-Mar-2012::12:17:00 ===
GET /greeting/profile [newworld] 200 293ms

=INFO REPORT==== 13-Mar-2012::12:17:00 ===
GET /greeting/profile [newworld] 200 292ms

=INFO REPORT==== 13-Mar-2012::12:17:00 ===
GET /greeting/profile [newworld] 200 282ms

=INFO REPORT==== 13-Mar-2012::12:17:00 ===
GET /greeting/profile [newworld] 200 271ms

=INFO REPORT==== 13-Mar-2012::12:17:00 ===
GET /greeting/profile [newworld] 200 269ms

=INFO REPORT==== 13-Mar-2012::12:17:00 ===
GET /greeting/profile [newworld] 200 246ms

=INFO REPORT==== 13-Mar-2012::12:17:00 ===
GET /greeting/profile [newworld] 200 236ms

=INFO REPORT==== 13-Mar-2012::12:17:00 ===
GET /greeting/profile [newworld] 200 227ms

=ERROR REPORT==== 13-Mar-2012::12:17:43 ===
** Connection attempt from disallowed node stopper_newworld@gabriele ** 
