
=INFO REPORT==== 7-Mar-2012::15:52:00 ===
Starting Boss in development mode....

=INFO REPORT==== 7-Mar-2012::15:52:00 ===
Starting master services on newworld@gabriele

=INFO REPORT==== 7-Mar-2012::15:52:01 ===
Loading routes from "/home/gabriele/erlang/newworld/priv/newworld.routes" ....

=ERROR REPORT==== 7-Mar-2012::15:57:19 ===
GET /greeting/hello [newworld] 404 0ms

=ERROR REPORT==== 7-Mar-2012::15:58:04 ===
GET /greeting/hello [newworld] 404 0ms

=ERROR REPORT==== 7-Mar-2012::15:58:05 ===
GET /greeting/hello [newworld] 404 0ms

=ERROR REPORT==== 7-Mar-2012::15:58:05 ===
GET /greeting/hello [newworld] 404 0ms

=ERROR REPORT==== 7-Mar-2012::15:58:06 ===
GET /greeting/hello [newworld] 404 0ms

=ERROR REPORT==== 7-Mar-2012::15:58:06 ===
GET /greeting/hello [newworld] 404 0ms

=ERROR REPORT==== 7-Mar-2012::15:58:06 ===
GET /greeting/hello [newworld] 404 0ms

=ERROR REPORT==== 7-Mar-2012::15:58:38 ===
GET /greeting/hello [newworld] 404 0ms

=ERROR REPORT==== 7-Mar-2012::15:58:58 ===
GET /greeting/hello [newworld] 404 0ms

=ERROR REPORT==== 7-Mar-2012::15:59:06 ===
GET /greeting/hello [newworld] 404 0ms

=ERROR REPORT==== 7-Mar-2012::15:59:06 ===
GET /greeting/hello [newworld] 404 0ms

=ERROR REPORT==== 7-Mar-2012::15:59:07 ===
GET /greeting/hello [newworld] 404 0ms

=ERROR REPORT==== 7-Mar-2012::16:00:16 ===
GET /greeting/hello [newworld] 404 0ms

=ERROR REPORT==== 7-Mar-2012::16:00:17 ===
GET /greeting/hello [newworld] 404 0ms

=ERROR REPORT==== 7-Mar-2012::16:00:17 ===
GET /greeting/hello [newworld] 404 0ms

=ERROR REPORT==== 7-Mar-2012::16:00:17 ===
GET /greeting/hello [newworld] 404 0ms

=ERROR REPORT==== 7-Mar-2012::16:00:17 ===
GET /greeting/hello [newworld] 404 0ms

=ERROR REPORT==== 7-Mar-2012::16:00:17 ===
GET /greeting/hello [newworld] 404 0ms

=ERROR REPORT==== 7-Mar-2012::16:00:54 ===
GET /greeting/hello [newworld] 404 0ms

=ERROR REPORT==== 7-Mar-2012::16:00:57 ===
GET /greeting/hello [newworld] 404 0ms

=INFO REPORT==== 7-Mar-2012::16:01:16 ===
GET /greeting/hello [newworld] 200 31ms

=INFO REPORT==== 7-Mar-2012::16:02:03 ===
GET /greeting/hello [newworld] 200 30ms

=ERROR REPORT==== 7-Mar-2012::16:02:16 ===
GET /greeting/hello [newworld] 404 32ms

=ERROR REPORT==== 7-Mar-2012::16:02:19 ===
GET /greeting/hello [newworld] 404 36ms

=INFO REPORT==== 7-Mar-2012::16:02:26 ===
GET /greeting/hello [newworld] 200 36ms

=INFO REPORT==== 7-Mar-2012::16:02:27 ===
GET /greeting/hello [newworld] 200 27ms

=INFO REPORT==== 7-Mar-2012::16:02:27 ===
GET /greeting/hello [newworld] 200 28ms

=ERROR REPORT==== 7-Mar-2012::16:02:42 ===
GET /greeting/hello [newworld] 404 37ms

=ERROR REPORT==== 7-Mar-2012::16:03:09 ===
GET /greeting/hello [newworld] 404 36ms

=INFO REPORT==== 7-Mar-2012::16:03:33 ===
GET /greeting/hello [newworld] 200 32ms

=INFO REPORT==== 7-Mar-2012::16:52:59 ===
GET /greeting/hello [newworld] 200 35ms

=INFO REPORT==== 7-Mar-2012::16:55:45 ===
GET /greeting/hello [newworld] 200 64ms

=INFO REPORT==== 7-Mar-2012::16:56:16 ===
GET /greeting/hello [newworld] 200 48ms

=INFO REPORT==== 7-Mar-2012::16:58:23 ===
GET /greeting/hello [newworld] 200 40ms

=ERROR REPORT==== 7-Mar-2012::16:58:23 ===
Error in process <0.8243.0> on node 'newworld@gabriele' with exit value: {badarg,[{erlang,list_to_binary,[[<<3 bytes>>,72,69,76,76,79,32,305,87,79,82,76,68,33,<<5 bytes>>]]},{misultin_http,convert_to_binary,1},{misultin_http,socket_loop,7},{misultin_http,process_dispatcher,2},{misultin_http,read_body_dispatch,2},{misultin_acceptor... 


=ERROR REPORT==== 7-Mar-2012::16:58:23 ===
	module: misultin_server
	line: 216
http process <0.8243.0> has died with reason: {badarg,
                                               [{erlang,list_to_binary,
                                                 [[<<"<b>">>,72,69,76,76,79,
                                                   32,305,87,79,82,76,68,33,
                                                   <<"</b>\n">>]]},
                                                {misultin_http,
                                                 convert_to_binary,1},
                                                {misultin_http,socket_loop,7},
                                                {misultin_http,
                                                 process_dispatcher,2},
                                                {misultin_http,
                                                 read_body_dispatch,2},
                                                {misultin_acceptor,
                                                 open_connections_switch,8}]}, removing from references of open connections

=INFO REPORT==== 7-Mar-2012::16:58:25 ===
GET /greeting/hello [newworld] 200 42ms

=ERROR REPORT==== 7-Mar-2012::16:58:25 ===
Error in process <0.8246.0> on node 'newworld@gabriele' with exit value: {badarg,[{erlang,list_to_binary,[[<<3 bytes>>,72,69,76,76,79,32,305,87,79,82,76,68,33,<<5 bytes>>]]},{misultin_http,convert_to_binary,1},{misultin_http,socket_loop,7},{misultin_http,process_dispatcher,2},{misultin_http,read_body_dispatch,2},{misultin_acceptor... 


=ERROR REPORT==== 7-Mar-2012::16:58:25 ===
	module: misultin_server
	line: 216
http process <0.8246.0> has died with reason: {badarg,
                                               [{erlang,list_to_binary,
                                                 [[<<"<b>">>,72,69,76,76,79,
                                                   32,305,87,79,82,76,68,33,
                                                   <<"</b>\n">>]]},
                                                {misultin_http,
                                                 convert_to_binary,1},
                                                {misultin_http,socket_loop,7},
                                                {misultin_http,
                                                 process_dispatcher,2},
                                                {misultin_http,
                                                 read_body_dispatch,2},
                                                {misultin_acceptor,
                                                 open_connections_switch,8}]}, removing from references of open connections

=INFO REPORT==== 7-Mar-2012::16:58:25 ===
GET /greeting/hello [newworld] 200 34ms

=ERROR REPORT==== 7-Mar-2012::16:58:25 ===
Error in process <0.8256.0> on node 'newworld@gabriele' with exit value: {badarg,[{erlang,list_to_binary,[[<<3 bytes>>,72,69,76,76,79,32,305,87,79,82,76,68,33,<<5 bytes>>]]},{misultin_http,convert_to_binary,1},{misultin_http,socket_loop,7},{misultin_http,process_dispatcher,2},{misultin_http,read_body_dispatch,2},{misultin_acceptor... 


=ERROR REPORT==== 7-Mar-2012::16:58:25 ===
	module: misultin_server
	line: 216
http process <0.8256.0> has died with reason: {badarg,
                                               [{erlang,list_to_binary,
                                                 [[<<"<b>">>,72,69,76,76,79,
                                                   32,305,87,79,82,76,68,33,
                                                   <<"</b>\n">>]]},
                                                {misultin_http,
                                                 convert_to_binary,1},
                                                {misultin_http,socket_loop,7},
                                                {misultin_http,
                                                 process_dispatcher,2},
                                                {misultin_http,
                                                 read_body_dispatch,2},
                                                {misultin_acceptor,
                                                 open_connections_switch,8}]}, removing from references of open connections

=INFO REPORT==== 7-Mar-2012::16:58:26 ===
GET /greeting/hello [newworld] 200 41ms

=ERROR REPORT==== 7-Mar-2012::16:58:26 ===
Error in process <0.8267.0> on node 'newworld@gabriele' with exit value: {badarg,[{erlang,list_to_binary,[[<<3 bytes>>,72,69,76,76,79,32,305,87,79,82,76,68,33,<<5 bytes>>]]},{misultin_http,convert_to_binary,1},{misultin_http,socket_loop,7},{misultin_http,process_dispatcher,2},{misultin_http,read_body_dispatch,2},{misultin_acceptor... 


=ERROR REPORT==== 7-Mar-2012::16:58:26 ===
	module: misultin_server
	line: 216
http process <0.8267.0> has died with reason: {badarg,
                                               [{erlang,list_to_binary,
                                                 [[<<"<b>">>,72,69,76,76,79,
                                                   32,305,87,79,82,76,68,33,
                                                   <<"</b>\n">>]]},
                                                {misultin_http,
                                                 convert_to_binary,1},
                                                {misultin_http,socket_loop,7},
                                                {misultin_http,
                                                 process_dispatcher,2},
                                                {misultin_http,
                                                 read_body_dispatch,2},
                                                {misultin_acceptor,
                                                 open_connections_switch,8}]}, removing from references of open connections

=INFO REPORT==== 7-Mar-2012::16:58:31 ===
GET /greeting/hello [newworld] 200 25ms

=INFO REPORT==== 7-Mar-2012::16:59:02 ===
GET /greeting/hello [newworld] 200 20ms

=INFO REPORT==== 7-Mar-2012::16:59:03 ===
GET /greeting/hello [newworld] 200 37ms

=INFO REPORT==== 7-Mar-2012::16:59:27 ===
GET /greeting/hello [newworld] 200 35ms

=ERROR REPORT==== 7-Mar-2012::17:00:33 ===
{function_clause,
    [{erlydtl_compiler,filter_ast2,
         [lenght,
          {tree,application,
              {attr,0,[],none},
              {application,
                  {tree,module_qualifier,
                      {attr,0,[],none},
                      {module_qualifier,
                          {tree,atom,{attr,0,[],none},erlydtl_runtime},
                          {tree,atom,{attr,0,[],none},find_value}}},
                  [{tree,atom,{attr,0,[],none},greeting},
                   {tree,variable,{attr,0,[],none},'Variables'}]}},
          [],[],
          {dtl_context,[],
              {dict,0,16,16,8,80,48,
                  {[],[],[],[],[],[],[],[],[],[],[],[],[],[],[],[]},
                  {{[],[],[],[],[],[],[],[],[],[],[],[],[],[],[],[]}}},
              #Fun<boss_load.10.50965682>,[],did,"src/view",
              ["src/view/greeting/hello.html"],
              [],[],
              "/home/gabriele/erlang/ChicagoBoss/deps/erlydtl/priv/custom_tags",
              [newworld_custom_tags,boss_erlydtl_tags,newworld_view_lib_tags],
              {file,read_file},
              newworld_view_greeting_hello_html,[],true,false,none,false}]},
     {erlydtl_compiler,filter_ast_noescape,4},
     {erlydtl_compiler,filter_ast,4},
     {erlydtl_compiler,'-body_ast/3-fun-2-',3},
     {lists,mapfoldl,3},
     {lists,mapfoldl,3},
     {erlydtl_compiler,body_ast,3},
     {erlydtl_compiler,compile_to_binary,4}]}

=ERROR REPORT==== 7-Mar-2012::17:00:33 ===
GET /greeting/hello [newworld] 500 34ms

=INFO REPORT==== 7-Mar-2012::17:00:45 ===
GET /greeting/hello [newworld] 200 42ms

=INFO REPORT==== 7-Mar-2012::17:00:55 ===
GET /greeting/hello [newworld] 200 46ms

=INFO REPORT==== 7-Mar-2012::17:00:56 ===
GET /greeting/hello [newworld] 200 37ms

=INFO REPORT==== 7-Mar-2012::17:01:06 ===
GET /greeting/hello [newworld] 200 42ms

=INFO REPORT==== 7-Mar-2012::17:04:16 ===
GET /greeting/hello [newworld] 200 43ms

=INFO REPORT==== 7-Mar-2012::17:06:47 ===
GET /greeting/hello [newworld] 200 37ms

=INFO REPORT==== 7-Mar-2012::17:06:48 ===
GET /greeting/hello [newworld] 200 37ms

=INFO REPORT==== 8-Mar-2012::13:52:41 ===
GET /greeting/hello [newworld] 200 430ms

=INFO REPORT==== 8-Mar-2012::13:53:18 ===
GET /greeting/hello [newworld] 200 430ms

=INFO REPORT==== 8-Mar-2012::13:58:55 ===
GET /greeting/hello [newworld] 200 65ms

=ERROR REPORT==== 8-Mar-2012::13:58:55 ===
GET /greeting/%3CTMPL_var%20urlLogo%3E [newworld] 404 44ms

=INFO REPORT==== 8-Mar-2012::13:59:48 ===
GET /greeting/hello [newworld] 200 41ms

=INFO REPORT==== 8-Mar-2012::14:00:14 ===
GET /greeting/hello [newworld] 200 56ms

=ERROR REPORT==== 8-Mar-2012::14:00:14 ===
GET /greeting/%3CTMPL_var%20urlLogo%3E [newworld] 404 47ms

=INFO REPORT==== 8-Mar-2012::14:02:13 ===
GET /greeting/hello [newworld] 200 39ms

=INFO REPORT==== 8-Mar-2012::14:03:12 ===
GET /greeting/hello [newworld] 200 54ms

=ERROR REPORT==== 8-Mar-2012::14:03:13 ===
GET /greeting/desc [newworld] 404 42ms

=INFO REPORT==== 8-Mar-2012::14:04:01 ===
GET /greeting/hello [newworld] 200 70ms

=INFO REPORT==== 8-Mar-2012::14:04:39 ===
GET /greeting/hello [newworld] 200 46ms

=ERROR REPORT==== 8-Mar-2012::14:07:54 ===
GET /widgetCB/header [newworld] 404 0ms

=ERROR REPORT==== 8-Mar-2012::14:09:25 ===
GET /widgetCB/header [newworld] 404 0ms

=INFO REPORT==== 8-Mar-2012::14:10:18 ===
GET /greeting/hello [newworld] 200 51ms

=ERROR REPORT==== 8-Mar-2012::14:12:03 ===
GET /widgetCB/header [newworld] 404 0ms

=ERROR REPORT==== 8-Mar-2012::14:12:51 ===
GET /widgetCB/header [newworld] 404 0ms

=ERROR REPORT==== 8-Mar-2012::14:13:20 ===
GET /widgetCB/header [newworld] 404 0ms

=ERROR REPORT==== 8-Mar-2012::14:13:26 ===
GET /widgetCB/header [newworld] 404 0ms

=ERROR REPORT==== 8-Mar-2012::14:14:55 ===
GET /widgetCB/header [newworld] 404 0ms

=INFO REPORT==== 8-Mar-2012::14:15:02 ===
GET /greeting/hello [newworld] 200 55ms

=INFO REPORT==== 8-Mar-2012::14:15:29 ===
GET /greeting/hello [newworld] 200 51ms

=ERROR REPORT==== 8-Mar-2012::14:16:30 ===
GET /greeting/header [newworld] 404 84ms

=ERROR REPORT==== 8-Mar-2012::14:16:30 ===
GET /greeting/profile [newworld] 404 90ms

=ERROR REPORT==== 8-Mar-2012::14:16:30 ===
GET /greeting/newslist [newworld] 404 91ms

=ERROR REPORT==== 8-Mar-2012::14:16:51 ===
GET /greeting/header [newworld] 404 100ms

=ERROR REPORT==== 8-Mar-2012::14:16:51 ===
GET /greeting/newslist [newworld] 404 100ms

=ERROR REPORT==== 8-Mar-2012::14:16:51 ===
GET /greeting/profile [newworld] 404 101ms

=ERROR REPORT==== 8-Mar-2012::14:16:52 ===
GET /greeting/header [newworld] 404 93ms

=ERROR REPORT==== 8-Mar-2012::14:16:52 ===
GET /greeting/newslist [newworld] 404 93ms

=ERROR REPORT==== 8-Mar-2012::14:16:52 ===
GET /greeting/profile [newworld] 404 94ms

=ERROR REPORT==== 8-Mar-2012::14:17:13 ===
GET /greeting/newslist [newworld] 404 112ms

=ERROR REPORT==== 8-Mar-2012::14:17:13 ===
GET /greeting/profile [newworld] 404 153ms

=INFO REPORT==== 8-Mar-2012::14:17:13 ===
GET /greeting/header [newworld] 200 159ms

=INFO REPORT==== 8-Mar-2012::14:17:42 ===
GET /greeting/header [newworld] 200 53ms

=ERROR REPORT==== 8-Mar-2012::14:17:42 ===
GET /greeting/profile [newworld] 404 51ms

=ERROR REPORT==== 8-Mar-2012::14:17:42 ===
GET /greeting/newslist [newworld] 404 51ms

=ERROR REPORT==== 8-Mar-2012::14:18:30 ===
GET /greeting/newslist [newworld] 404 79ms

=ERROR REPORT==== 8-Mar-2012::14:18:30 ===
GET /greeting/profile [newworld] 404 79ms

=INFO REPORT==== 8-Mar-2012::14:18:30 ===
GET /greeting/header [newworld] 200 81ms

=INFO REPORT==== 8-Mar-2012::14:18:38 ===
GET /greeting/header [newworld] 200 71ms

=ERROR REPORT==== 8-Mar-2012::14:18:38 ===
GET /greeting/profile [newworld] 404 75ms

=ERROR REPORT==== 8-Mar-2012::14:18:38 ===
GET /greeting/newslist [newworld] 404 65ms

=INFO REPORT==== 8-Mar-2012::14:25:26 ===
GET /greeting/header [newworld] 200 91ms

=INFO REPORT==== 8-Mar-2012::14:25:26 ===
GET /greeting/newslist [newworld] 200 107ms

=INFO REPORT==== 8-Mar-2012::14:25:26 ===
GET /greeting/profile [newworld] 200 108ms

=INFO REPORT==== 8-Mar-2012::14:26:11 ===
GET /greeting/header [newworld] 200 79ms

=INFO REPORT==== 8-Mar-2012::14:26:11 ===
GET /greeting/profile [newworld] 200 81ms

=INFO REPORT==== 8-Mar-2012::14:26:11 ===
GET /greeting/newslist [newworld] 200 88ms

=INFO REPORT==== 8-Mar-2012::14:26:13 ===
GET /greeting/header [newworld] 200 74ms

=INFO REPORT==== 8-Mar-2012::14:26:13 ===
GET /greeting/profile [newworld] 200 75ms

=INFO REPORT==== 8-Mar-2012::14:26:13 ===
GET /greeting/newslist [newworld] 200 80ms

=INFO REPORT==== 8-Mar-2012::14:26:40 ===
GET /greeting/header [newworld] 200 83ms

=INFO REPORT==== 8-Mar-2012::14:26:40 ===
GET /greeting/newslist [newworld] 200 96ms

=INFO REPORT==== 8-Mar-2012::14:26:40 ===
GET /greeting/profile [newworld] 200 96ms

=INFO REPORT==== 8-Mar-2012::14:26:41 ===
GET /greeting/header [newworld] 200 72ms

=INFO REPORT==== 8-Mar-2012::14:26:41 ===
GET /greeting/profile [newworld] 200 73ms

=INFO REPORT==== 8-Mar-2012::14:26:41 ===
GET /greeting/newslist [newworld] 200 78ms

=INFO REPORT==== 8-Mar-2012::14:26:42 ===
GET /greeting/header [newworld] 200 102ms

=INFO REPORT==== 8-Mar-2012::14:26:42 ===
GET /greeting/profile [newworld] 200 103ms

=INFO REPORT==== 8-Mar-2012::14:26:42 ===
GET /greeting/newslist [newworld] 200 108ms

=INFO REPORT==== 8-Mar-2012::14:26:42 ===
GET /greeting/header [newworld] 200 103ms

=INFO REPORT==== 8-Mar-2012::14:26:42 ===
GET /greeting/profile [newworld] 200 106ms

=INFO REPORT==== 8-Mar-2012::14:26:42 ===
GET /greeting/newslist [newworld] 200 110ms

=INFO REPORT==== 8-Mar-2012::14:26:58 ===
GET /greeting/header [newworld] 200 81ms

=INFO REPORT==== 8-Mar-2012::14:26:58 ===
GET /greeting/profile [newworld] 200 85ms

=INFO REPORT==== 8-Mar-2012::14:26:58 ===
GET /greeting/newslist [newworld] 200 90ms

=INFO REPORT==== 8-Mar-2012::14:26:59 ===
GET /greeting/header [newworld] 200 78ms

=INFO REPORT==== 8-Mar-2012::14:26:59 ===
GET /greeting/profile [newworld] 200 79ms

=INFO REPORT==== 8-Mar-2012::14:26:59 ===
GET /greeting/newslist [newworld] 200 83ms

=INFO REPORT==== 8-Mar-2012::14:27:07 ===
GET /greeting/header [newworld] 200 74ms

=INFO REPORT==== 8-Mar-2012::14:27:07 ===
GET /greeting/profile [newworld] 200 75ms

=INFO REPORT==== 8-Mar-2012::14:27:07 ===
GET /greeting/newslist [newworld] 200 80ms

=INFO REPORT==== 8-Mar-2012::14:33:11 ===
GET /greeting/header [newworld] 200 79ms

=INFO REPORT==== 8-Mar-2012::14:33:11 ===
GET /greeting/newslist [newworld] 200 86ms

=INFO REPORT==== 8-Mar-2012::14:33:11 ===
GET /greeting/profile [newworld] 200 86ms

=INFO REPORT==== 8-Mar-2012::14:33:12 ===
GET /greeting/header [newworld] 200 76ms

=INFO REPORT==== 8-Mar-2012::14:33:12 ===
GET /greeting/profile [newworld] 200 77ms

=INFO REPORT==== 8-Mar-2012::14:33:12 ===
GET /greeting/newslist [newworld] 200 82ms

=ERROR REPORT==== 8-Mar-2012::14:34:09 ===
GET /greeting/hello [newworld] 404 47ms

=INFO REPORT==== 8-Mar-2012::14:34:17 ===
GET /greeting/header [newworld] 200 47ms

=INFO REPORT==== 8-Mar-2012::14:34:25 ===
GET /greeting/header [newworld] 200 35ms

=INFO REPORT==== 8-Mar-2012::14:34:29 ===
GET /greeting/newslist [newworld] 200 59ms

=INFO REPORT==== 8-Mar-2012::14:34:55 ===
GET /greeting/newslist [newworld] 200 41ms

=INFO REPORT==== 8-Mar-2012::14:34:56 ===
GET /greeting/newslist [newworld] 200 34ms

=INFO REPORT==== 8-Mar-2012::14:35:10 ===
GET /greeting/newslist [newworld] 200 49ms

=INFO REPORT==== 8-Mar-2012::14:35:50 ===
GET /greeting/newslist [newworld] 200 32ms

=ERROR REPORT==== 8-Mar-2012::14:36:44 ===
{function_clause,
    [{boss_json,json_data1,
         [[{"http://static3.spilcdn.com/tw/cimg/logo/79,1259239515,logo.gif"},
           {description,"Your zone to play free online games"}],
          [],[]]},
     {boss_json,json_data1,3},
     {boss_json,encode,2},
     {boss_web_controller,process_action_result,4},
     {boss_web_controller,execute_action,5},
     {boss_web_controller,process_request,5},
     {timer,tc,3},
     {boss_web_controller,handle_request,3}]}

=ERROR REPORT==== 8-Mar-2012::14:36:44 ===
GET /greeting/newslist [newworld] 500 30ms

=INFO REPORT==== 8-Mar-2012::14:37:12 ===
GET /greeting/newslist [newworld] 200 36ms

=INFO REPORT==== 8-Mar-2012::14:41:33 ===
GET /greeting/newslist [newworld] 200 37ms

=INFO REPORT==== 8-Mar-2012::14:41:45 ===
GET /greeting/newslist [newworld] 200 39ms

=INFO REPORT==== 8-Mar-2012::14:41:46 ===
GET /greeting/newslist [newworld] 200 38ms

=ERROR REPORT==== 8-Mar-2012::14:42:58 ===
{function_clause,
    [{erlydtl_runtime,find_value,[img,104]},
     {newworld_view_greeting_newslist_html,'-render_internal/4-fun-0-',2},
     {lists,mapfoldl,3},
     {erlydtl_runtime,forloop,3},
     {newworld_view_greeting_newslist_html,render_internal,4},
     {newworld_view_greeting_newslist_html,render,2},
     {boss_web_controller,render_view,6},
     {boss_web_controller,execute_action,5}]}

=ERROR REPORT==== 8-Mar-2012::14:42:58 ===
GET /greeting/newslist [newworld] 500 100ms

=ERROR REPORT==== 8-Mar-2012::14:44:00 ===
{function_clause,
    [{erlydtl_runtime,find_value,[img,104]},
     {newworld_view_greeting_newslist_html,'-render_internal/4-fun-0-',2},
     {lists,mapfoldl,3},
     {erlydtl_runtime,forloop,3},
     {newworld_view_greeting_newslist_html,render_internal,4},
     {newworld_view_greeting_newslist_html,render,2},
     {boss_web_controller,render_view,6},
     {boss_web_controller,execute_action,5}]}

=ERROR REPORT==== 8-Mar-2012::14:44:00 ===
GET /greeting/newslist [newworld] 500 77ms

=INFO REPORT==== 8-Mar-2012::14:45:01 ===
GET /greeting/newslist [newworld] 200 71ms

=INFO REPORT==== 8-Mar-2012::14:46:07 ===
GET /greeting/newslist [newworld] 200 33ms

=INFO REPORT==== 8-Mar-2012::14:46:07 ===
GET /greeting/newslist [newworld] 200 34ms

=INFO REPORT==== 8-Mar-2012::14:55:30 ===
GET /greeting/newslist [newworld] 200 64ms

=INFO REPORT==== 8-Mar-2012::15:08:09 ===
GET /greeting/header [newworld] 200 83ms

=INFO REPORT==== 8-Mar-2012::15:08:09 ===
GET /greeting/profile [newworld] 200 89ms

=INFO REPORT==== 8-Mar-2012::15:08:09 ===
GET /greeting/newslist [newworld] 200 89ms

=INFO REPORT==== 8-Mar-2012::15:08:49 ===
GET /greeting/header [newworld] 200 83ms

=INFO REPORT==== 8-Mar-2012::15:08:49 ===
GET /greeting/profile [newworld] 200 83ms

=INFO REPORT==== 8-Mar-2012::15:08:49 ===
GET /greeting/newslist [newworld] 200 85ms

=INFO REPORT==== 8-Mar-2012::15:08:56 ===
GET /greeting/header [newworld] 200 78ms

=INFO REPORT==== 8-Mar-2012::15:08:56 ===
GET /greeting/newslist [newworld] 200 82ms

=INFO REPORT==== 8-Mar-2012::15:08:56 ===
GET /greeting/profile [newworld] 200 90ms

=INFO REPORT==== 8-Mar-2012::15:09:02 ===
GET /greeting/header [newworld] 200 74ms

=INFO REPORT==== 8-Mar-2012::15:09:02 ===
GET /greeting/newslist [newworld] 200 80ms

=INFO REPORT==== 8-Mar-2012::15:09:02 ===
GET /greeting/profile [newworld] 200 94ms

=INFO REPORT==== 8-Mar-2012::15:12:03 ===
GET /greeting/header [newworld] 200 84ms

=INFO REPORT==== 8-Mar-2012::15:12:03 ===
GET /greeting/profile [newworld] 200 86ms

=INFO REPORT==== 8-Mar-2012::15:12:03 ===
GET /greeting/newslist [newworld] 200 87ms

=INFO REPORT==== 8-Mar-2012::15:13:15 ===
GET /greeting/header [newworld] 200 100ms

=INFO REPORT==== 8-Mar-2012::15:13:15 ===
GET /greeting/profile [newworld] 200 104ms

=INFO REPORT==== 8-Mar-2012::15:13:15 ===
GET /greeting/newslist [newworld] 200 105ms

=INFO REPORT==== 9-Mar-2012::10:24:00 ===
GET /greeting/newslist [newworld] 200 178ms

=INFO REPORT==== 9-Mar-2012::10:24:07 ===
GET /greeting/header [newworld] 200 95ms

=INFO REPORT==== 9-Mar-2012::10:24:07 ===
GET /greeting/profile [newworld] 200 97ms

=INFO REPORT==== 9-Mar-2012::10:24:07 ===
GET /greeting/newslist [newworld] 200 97ms

=INFO REPORT==== 9-Mar-2012::10:28:38 ===
GET /greeting/header [newworld] 200 79ms

=INFO REPORT==== 9-Mar-2012::10:28:38 ===
GET /greeting/profile [newworld] 200 82ms

=INFO REPORT==== 9-Mar-2012::10:28:38 ===
GET /greeting/newslist [newworld] 200 83ms

=INFO REPORT==== 9-Mar-2012::10:29:09 ===
GET /greeting/newslist [newworld] 200 48ms

=INFO REPORT==== 9-Mar-2012::10:30:19 ===
GET /greeting/profile [newworld] 200 89ms

=INFO REPORT==== 9-Mar-2012::10:30:19 ===
GET /greeting/newslist [newworld] 200 91ms

=INFO REPORT==== 9-Mar-2012::10:30:19 ===
GET /greeting/header [newworld] 200 98ms

=INFO REPORT==== 9-Mar-2012::10:30:22 ===
GET /greeting/header [newworld] 200 97ms

=INFO REPORT==== 9-Mar-2012::10:30:22 ===
GET /greeting/profile [newworld] 200 100ms

=INFO REPORT==== 9-Mar-2012::10:30:22 ===
GET /greeting/newslist [newworld] 200 101ms

=INFO REPORT==== 9-Mar-2012::10:30:24 ===
GET /greeting/header [newworld] 200 122ms

=INFO REPORT==== 9-Mar-2012::10:30:24 ===
GET /greeting/profile [newworld] 200 123ms

=INFO REPORT==== 9-Mar-2012::10:30:24 ===
GET /greeting/newslist [newworld] 200 123ms

=INFO REPORT==== 9-Mar-2012::10:30:24 ===
GET /greeting/header [newworld] 200 85ms

=INFO REPORT==== 9-Mar-2012::10:30:24 ===
GET /greeting/profile [newworld] 200 86ms

=INFO REPORT==== 9-Mar-2012::10:30:24 ===
GET /greeting/newslist [newworld] 200 87ms

=INFO REPORT==== 9-Mar-2012::10:33:15 ===
GET /greeting/header [newworld] 200 48ms

=INFO REPORT==== 9-Mar-2012::10:33:16 ===
GET /greeting/profile [newworld] 200 55ms

=INFO REPORT==== 9-Mar-2012::10:33:16 ===
GET /greeting/newslist [newworld] 200 55ms

=INFO REPORT==== 9-Mar-2012::10:33:20 ===
GET /greeting/header [newworld] 200 74ms

=INFO REPORT==== 9-Mar-2012::10:33:20 ===
GET /greeting/newslist [newworld] 200 78ms

=INFO REPORT==== 9-Mar-2012::10:33:20 ===
GET /greeting/profile [newworld] 200 78ms

=INFO REPORT==== 9-Mar-2012::10:34:01 ===
GET /greeting/header [newworld] 200 72ms

=INFO REPORT==== 9-Mar-2012::10:34:01 ===
GET /greeting/profile [newworld] 200 72ms

=INFO REPORT==== 9-Mar-2012::10:34:01 ===
GET /greeting/newslist [newworld] 200 75ms

=INFO REPORT==== 9-Mar-2012::10:34:05 ===
GET /greeting/header [newworld] 200 72ms

=INFO REPORT==== 9-Mar-2012::10:34:05 ===
GET /greeting/newslist [newworld] 200 73ms

=INFO REPORT==== 9-Mar-2012::10:34:05 ===
GET /greeting/profile [newworld] 200 74ms

=INFO REPORT==== 9-Mar-2012::10:34:13 ===
GET /greeting/header [newworld] 200 98ms

=INFO REPORT==== 9-Mar-2012::10:34:13 ===
GET /greeting/profile [newworld] 200 99ms

=INFO REPORT==== 9-Mar-2012::10:34:13 ===
GET /greeting/newslist [newworld] 200 100ms
